Case 1:
Picked up JAVA_TOOL_OPTIONS: -Xmx2g
Opening log file:  /tmp/java.log.29671

                                                                              < M A T L A B (R) >
                                                                    Copyright 1984-2020 The MathWorks, Inc.
                                                                    R2020b (9.9.0.1467703) 64-bit (glnxa64)
                                                                                August 26, 2020

 
To get started, type doc.
For product information, visit www.mathworks.com.
 
Running model run (ode15s):
Run with steady forcing
Creating output dir: /scratch/tghill/farming/meta/glads-farm/RUN/
Saving model run to
/scratch/tghill/farming/meta/glads-farm/RUN/output_001.nc
Fields, IC & BC initialised
Initial phi calculated in 0.8s
0.0/3650.0 days/days; walltime: 3.1
36.5/3650.0 days/days; walltime: 3.6
73.0/3650.0 days/days; walltime: 10.8
109.5/3650.0 days/days; walltime: 8.2
146.0/3650.0 days/days; walltime: 8.3
182.5/3650.0 days/days; walltime: 3.2
219.0/3650.0 days/days; walltime: 2.8
255.5/3650.0 days/days; walltime: 3.2
292.0/3650.0 days/days; walltime: 4.1
328.5/3650.0 days/days; walltime: 9.1
365.0/3650.0 days/days; walltime: 7.7
401.5/3650.0 days/days; walltime: 7.1
438.0/3650.0 days/days; walltime: 5.2
474.5/3650.0 days/days; walltime: 6.1
511.0/3650.0 days/days; walltime: 5.5
547.5/3650.0 days/days; walltime: 4.1
584.0/3650.0 days/days; walltime: 3.2
620.5/3650.0 days/days; walltime: 1.2
657.0/3650.0 days/days; walltime: 1.0
693.5/3650.0 days/days; walltime: 0.8
730.0/3650.0 days/days; walltime: 0.5
766.5/3650.0 days/days; walltime: 0.4
803.0/3650.0 days/days; walltime: 0.8
839.5/3650.0 days/days; walltime: 0.2
876.0/3650.0 days/days; walltime: 0.2
912.5/3650.0 days/days; walltime: 0.3
949.0/3650.0 days/days; walltime: 0.3
985.5/3650.0 days/days; walltime: 0.3
1022.0/3650.0 days/days; walltime: 0.3
1058.5/3650.0 days/days; walltime: 0.2
1095.0/3650.0 days/days; walltime: 0.2
1131.5/3650.0 days/days; walltime: 0.2
1168.0/3650.0 days/days; walltime: 0.2
1204.5/3650.0 days/days; walltime: 0.1
1241.0/3650.0 days/days; walltime: 0.1
1277.5/3650.0 days/days; walltime: 0.1
1314.0/3650.0 days/days; walltime: 0.1
1350.5/3650.0 days/days; walltime: 0.1
1387.0/3650.0 days/days; walltime: 0.1
1423.5/3650.0 days/days; walltime: 0.1
1460.0/3650.0 days/days; walltime: 0.1
1496.5/3650.0 days/days; walltime: 0.1
1533.0/3650.0 days/days; walltime: 0.1
1569.5/3650.0 days/days; walltime: 0.1
1606.0/3650.0 days/days; walltime: 0.1
1642.5/3650.0 days/days; walltime: 0.1
1679.0/3650.0 days/days; walltime: 0.1
1715.5/3650.0 days/days; walltime: 0.1
1752.0/3650.0 days/days; walltime: 0.1
1788.5/3650.0 days/days; walltime: 0.1
1825.0/3650.0 days/days; walltime: 0.1
1861.5/3650.0 days/days; walltime: 0.1
1898.0/3650.0 days/days; walltime: 0.1
1934.5/3650.0 days/days; walltime: 0.0
1971.0/3650.0 days/days; walltime: 0.5
2007.5/3650.0 days/days; walltime: 0.1
2044.0/3650.0 days/days; walltime: 0.1
2080.5/3650.0 days/days; walltime: 0.0
2117.0/3650.0 days/days; walltime: 0.0
2153.5/3650.0 days/days; walltime: 0.1
2190.0/3650.0 days/days; walltime: 0.0
2226.5/3650.0 days/days; walltime: 0.1
2263.0/3650.0 days/days; walltime: 0.0
2299.5/3650.0 days/days; walltime: 0.0
2336.0/3650.0 days/days; walltime: 0.1
2372.5/3650.0 days/days; walltime: 0.1
2409.0/3650.0 days/days; walltime: 0.0
2445.5/3650.0 days/days; walltime: 0.1
2482.0/3650.0 days/days; walltime: 0.1
2518.5/3650.0 days/days; walltime: 0.1
2555.0/3650.0 days/days; walltime: 0.0
2591.5/3650.0 days/days; walltime: 0.1
2628.0/3650.0 days/days; walltime: 0.1
2664.5/3650.0 days/days; walltime: 0.1
2701.0/3650.0 days/days; walltime: 0.1
2737.5/3650.0 days/days; walltime: 0.1
2774.0/3650.0 days/days; walltime: 0.1
2810.5/3650.0 days/days; walltime: 0.1
2847.0/3650.0 days/days; walltime: 0.1
2883.5/3650.0 days/days; walltime: 0.1
2920.0/3650.0 days/days; walltime: 0.1
2956.5/3650.0 days/days; walltime: 0.0
2993.0/3650.0 days/days; walltime: 0.1
3029.5/3650.0 days/days; walltime: 0.6
3066.0/3650.0 days/days; walltime: 0.1
3102.5/3650.0 days/days; walltime: 0.1
3139.0/3650.0 days/days; walltime: 0.1
3175.5/3650.0 days/days; walltime: 0.0
3212.0/3650.0 days/days; walltime: 0.1
3248.5/3650.0 days/days; walltime: 0.1
3285.0/3650.0 days/days; walltime: 0.1
3321.5/3650.0 days/days; walltime: 0.1
3358.0/3650.0 days/days; walltime: 0.1
3394.5/3650.0 days/days; walltime: 0.0
3431.0/3650.0 days/days; walltime: 0.0
3467.5/3650.0 days/days; walltime: 0.1
3504.0/3650.0 days/days; walltime: 0.0
3540.5/3650.0 days/days; walltime: 0.0
3577.0/3650.0 days/days; walltime: 0.0
3613.5/3650.0 days/days; walltime: 0.0
3650.0/3650.0 days/days; walltime: 0.0
Wallclock for model run: 108.5s
 
Case 2:
Picked up JAVA_TOOL_OPTIONS: -Xmx2g
Opening log file:  /tmp/java.log.31919

                                                                              < M A T L A B (R) >
                                                                    Copyright 1984-2020 The MathWorks, Inc.
                                                                    R2020b (9.9.0.1467703) 64-bit (glnxa64)
                                                                                August 26, 2020

 
To get started, type doc.
For product information, visit www.mathworks.com.
 
Running model run (ode15s):
Run with steady forcing
Saving model run to
/scratch/tghill/farming/meta/glads-farm/RUN/output_002.nc
Fields, IC & BC initialised
Initial phi calculated in 0.7s
0.0/3650.0 days/days; walltime: 2.7
36.5/3650.0 days/days; walltime: 3.5
73.0/3650.0 days/days; walltime: 10.9
109.5/3650.0 days/days; walltime: 14.3
146.0/3650.0 days/days; walltime: 4.7
182.5/3650.0 days/days; walltime: 4.0
219.0/3650.0 days/days; walltime: 6.4
255.5/3650.0 days/days; walltime: 11.4
292.0/3650.0 days/days; walltime: 8.4
328.5/3650.0 days/days; walltime: 7.7
365.0/3650.0 days/days; walltime: 5.6
401.5/3650.0 days/days; walltime: 3.1
438.0/3650.0 days/days; walltime: 1.7
474.5/3650.0 days/days; walltime: 1.1
511.0/3650.0 days/days; walltime: 1.1
547.5/3650.0 days/days; walltime: 0.9
584.0/3650.0 days/days; walltime: 1.1
620.5/3650.0 days/days; walltime: 0.4
-657.0/3650.0 days/days; walltime: 0.3
693.5/3650.0 days/days; walltime: 0.3
730.0/3650.0 days/days; walltime: 0.4
766.5/3650.0 days/days; walltime: 0.4
803.0/3650.0 days/days; walltime: 0.4
839.5/3650.0 days/days; walltime: 0.3
876.0/3650.0 days/days; walltime: 0.3
912.5/3650.0 days/days; walltime: 0.3
949.0/3650.0 days/days; walltime: 0.2
985.5/3650.0 days/days; walltime: 0.2
1022.0/3650.0 days/days; walltime: 0.2
-1058.5/3650.0 days/days; walltime: 0.2
1095.0/3650.0 days/days; walltime: 0.3
1131.5/3650.0 days/days; walltime: 0.2
1168.0/3650.0 days/days; walltime: 0.2
1204.5/3650.0 days/days; walltime: 0.2
1241.0/3650.0 days/days; walltime: 0.2
1277.5/3650.0 days/days; walltime: 0.2
1314.0/3650.0 days/days; walltime: 0.2
1350.5/3650.0 days/days; walltime: 0.6
1387.0/3650.0 days/days; walltime: 0.1
1423.5/3650.0 days/days; walltime: 0.1
1460.0/3650.0 days/days; walltime: 0.1
1496.5/3650.0 days/days; walltime: 0.1
1533.0/3650.0 days/days; walltime: 0.1
1569.5/3650.0 days/days; walltime: 0.1
1606.0/3650.0 days/days; walltime: 0.1
1642.5/3650.0 days/days; walltime: 0.1
--1679.0/3650.0 days/days; walltime: 0.1
1715.5/3650.0 days/days; walltime: 0.1
1752.0/3650.0 days/days; walltime: 0.1
1788.5/3650.0 days/days; walltime: 0.0
1825.0/3650.0 days/days; walltime: 0.1
1861.5/3650.0 days/days; walltime: 0.1
1898.0/3650.0 days/days; walltime: 0.1
1934.5/3650.0 days/days; walltime: 0.1
1971.0/3650.0 days/days; walltime: 0.1
2007.5/3650.0 days/days; walltime: 0.1
2044.0/3650.0 days/days; walltime: 0.1
2080.5/3650.0 days/days; walltime: 0.1
2117.0/3650.0 days/days; walltime: 0.1
2153.5/3650.0 days/days; walltime: 0.1
2190.0/3650.0 days/days; walltime: 0.1
2226.5/3650.0 days/days; walltime: 0.1
2263.0/3650.0 days/days; walltime: 0.1
2299.5/3650.0 days/days; walltime: 0.1
2336.0/3650.0 days/days; walltime: 0.1
2372.5/3650.0 days/days; walltime: 0.1
2409.0/3650.0 days/days; walltime: 0.2
2445.5/3650.0 days/days; walltime: 0.1
2482.0/3650.0 days/days; walltime: 0.1
2518.5/3650.0 days/days; walltime: 0.1
2555.0/3650.0 days/days; walltime: 0.1
2591.5/3650.0 days/days; walltime: 0.1
2628.0/3650.0 days/days; walltime: 0.1
2664.5/3650.0 days/days; walltime: 0.1
2701.0/3650.0 days/days; walltime: 0.1
2737.5/3650.0 days/days; walltime: 0.1
2774.0/3650.0 days/days; walltime: 0.5
2810.5/3650.0 days/days; walltime: 0.1
2847.0/3650.0 days/days; walltime: 0.1
2883.5/3650.0 days/days; walltime: 0.1
2920.0/3650.0 days/days; walltime: 0.1
2956.5/3650.0 days/days; walltime: 0.1
2993.0/3650.0 days/days; walltime: 0.1
3029.5/3650.0 days/days; walltime: 0.1
3066.0/3650.0 days/days; walltime: 0.1
3102.5/3650.0 days/days; walltime: 0.0
3139.0/3650.0 days/days; walltime: 0.1
3175.5/3650.0 days/days; walltime: 0.1
3212.0/3650.0 days/days; walltime: 0.1
3248.5/3650.0 days/days; walltime: 0.1
3285.0/3650.0 days/days; walltime: 0.0
3321.5/3650.0 days/days; walltime: 0.1
3358.0/3650.0 days/days; walltime: 0.0
3394.5/3650.0 days/days; walltime: 0.1
3431.0/3650.0 days/days; walltime: 0.0
3467.5/3650.0 days/days; walltime: 0.0
3504.0/3650.0 days/days; walltime: 0.0
3540.5/3650.0 days/days; walltime: 0.0
3577.0/3650.0 days/days; walltime: 0.0
3613.5/3650.0 days/days; walltime: 0.0
3650.0/3650.0 days/days; walltime: 0.0
Wallclock for model run: 100.1s
 
Case 3:
Picked up JAVA_TOOL_OPTIONS: -Xmx2g
Opening log file:  /tmp/java.log.33932

                                                                              < M A T L A B (R) >
                                                                    Copyright 1984-2020 The MathWorks, Inc.
                                                                    R2020b (9.9.0.1467703) 64-bit (glnxa64)
                                                                                August 26, 2020

 
To get started, type doc.
For product information, visit www.mathworks.com.
 
Running model run (ode15s):
Run with steady forcing
Saving model run to
/scratch/tghill/farming/meta/glads-farm/RUN/output_003.nc
Fields, IC & BC initialised
Initial phi calculated in 0.6s
0.0/3650.0 days/days; walltime: 2.7
36.5/3650.0 days/days; walltime: 3.5
73.0/3650.0 days/days; walltime: 10.9
109.5/3650.0 days/days; walltime: 15.4
146.0/3650.0 days/days; walltime: 6.9
182.5/3650.0 days/days; walltime: 10.1
219.0/3650.0 days/days; walltime: 12.6
255.5/3650.0 days/days; walltime: 5.9
292.0/3650.0 days/days; walltime: 3.5
328.5/3650.0 days/days; walltime: 3.3
365.0/3650.0 days/days; walltime: 2.1
401.5/3650.0 days/days; walltime: 1.8
438.0/3650.0 days/days; walltime: 1.1
474.5/3650.0 days/days; walltime: 1.0
-511.0/3650.0 days/days; walltime: 0.8
547.5/3650.0 days/days; walltime: 1.0
584.0/3650.0 days/days; walltime: 0.6
-620.5/3650.0 days/days; walltime: 0.5
657.0/3650.0 days/days; walltime: 0.6
693.5/3650.0 days/days; walltime: 0.6
730.0/3650.0 days/days; walltime: 0.4
766.5/3650.0 days/days; walltime: 0.5
803.0/3650.0 days/days; walltime: 0.3
839.5/3650.0 days/days; walltime: 0.4
876.0/3650.0 days/days; walltime: 0.5
912.5/3650.0 days/days; walltime: 0.4
949.0/3650.0 days/days; walltime: 0.3
985.5/3650.0 days/days; walltime: 0.3
1022.0/3650.0 days/days; walltime: 0.3
1058.5/3650.0 days/days; walltime: 0.2
1095.0/3650.0 days/days; walltime: 0.6
1131.5/3650.0 days/days; walltime: 0.1
1168.0/3650.0 days/days; walltime: 0.1
---1204.5/3650.0 days/days; walltime: 0.1
1241.0/3650.0 days/days; walltime: 0.1
1277.5/3650.0 days/days; walltime: 0.1
1314.0/3650.0 days/days; walltime: 0.1
1350.5/3650.0 days/days; walltime: 0.1
1387.0/3650.0 days/days; walltime: 0.1
1423.5/3650.0 days/days; walltime: 0.1
1460.0/3650.0 days/days; walltime: 0.1
1496.5/3650.0 days/days; walltime: 0.1
1533.0/3650.0 days/days; walltime: 0.1
1569.5/3650.0 days/days; walltime: 0.1
1606.0/3650.0 days/days; walltime: 0.1
1642.5/3650.0 days/days; walltime: 0.1
1679.0/3650.0 days/days; walltime: 0.1
1715.5/3650.0 days/days; walltime: 0.1
1752.0/3650.0 days/days; walltime: 0.1
1788.5/3650.0 days/days; walltime: 0.1
1825.0/3650.0 days/days; walltime: 0.1
1861.5/3650.0 days/days; walltime: 0.1
1898.0/3650.0 days/days; walltime: 0.2
1934.5/3650.0 days/days; walltime: 0.1
1971.0/3650.0 days/days; walltime: 0.6
2007.5/3650.0 days/days; walltime: 0.1
2044.0/3650.0 days/days; walltime: 0.1
2080.5/3650.0 days/days; walltime: 0.1
2117.0/3650.0 days/days; walltime: 0.1
2153.5/3650.0 days/days; walltime: 0.1
2190.0/3650.0 days/days; walltime: 0.1
2226.5/3650.0 days/days; walltime: 0.0
2263.0/3650.0 days/days; walltime: 0.1
2299.5/3650.0 days/days; walltime: 0.0
2336.0/3650.0 days/days; walltime: 0.0
2372.5/3650.0 days/days; walltime: 0.0
2409.0/3650.0 days/days; walltime: 0.0
2445.5/3650.0 days/days; walltime: 0.0
2482.0/3650.0 days/days; walltime: 0.0
2518.5/3650.0 days/days; walltime: 0.0
2555.0/3650.0 days/days; walltime: 0.0
2591.5/3650.0 days/days; walltime: 0.0
2628.0/3650.0 days/days; walltime: 0.0
2664.5/3650.0 days/days; walltime: 0.0
2701.0/3650.0 days/days; walltime: 0.0
2737.5/3650.0 days/days; walltime: 0.0
2810.5/3650.0 days/days; walltime: 0.1
2847.0/3650.0 days/days; walltime: 0.0
2920.0/3650.0 days/days; walltime: 0.0
2993.0/3650.0 days/days; walltime: 0.0
3066.0/3650.0 days/days; walltime: 0.5
3139.0/3650.0 days/days; walltime: 0.0
3212.0/3650.0 days/days; walltime: 0.0
3321.5/3650.0 days/days; walltime: 0.0
3394.5/3650.0 days/days; walltime: 0.0
3540.5/3650.0 days/days; walltime: 0.0
3650.0/3650.0 days/days; walltime: 0.0
Wallclock for model run: 95.2s
 
Case 4:
Picked up JAVA_TOOL_OPTIONS: -Xmx2g
Opening log file:  /tmp/java.log.35931

                                                                              < M A T L A B (R) >
                                                                    Copyright 1984-2020 The MathWorks, Inc.
                                                                    R2020b (9.9.0.1467703) 64-bit (glnxa64)
                                                                                August 26, 2020

 
To get started, type doc.
For product information, visit www.mathworks.com.
 
Running model run (ode15s):
Run with steady forcing
Saving model run to
/scratch/tghill/farming/meta/glads-farm/RUN/output_004.nc
Fields, IC & BC initialised
Initial phi calculated in 0.6s
0.0/3650.0 days/days; walltime: 2.7
36.5/3650.0 days/days; walltime: 3.5
73.0/3650.0 days/days; walltime: 10.3
109.5/3650.0 days/days; walltime: 17.3
146.0/3650.0 days/days; walltime: 10.1
182.5/3650.0 days/days; walltime: 11.9
219.0/3650.0 days/days; walltime: 6.0
255.5/3650.0 days/days; walltime: 4.2
292.0/3650.0 days/days; walltime: 2.7
328.5/3650.0 days/days; walltime: 3.5
365.0/3650.0 days/days; walltime: 1.9
401.5/3650.0 days/days; walltime: 1.7
438.0/3650.0 days/days; walltime: 1.4
474.5/3650.0 days/days; walltime: 0.9
-511.0/3650.0 days/days; walltime: 0.6
547.5/3650.0 days/days; walltime: 0.8
584.0/3650.0 days/days; walltime: 0.6
620.5/3650.0 days/days; walltime: 0.6
657.0/3650.0 days/days; walltime: 0.4
693.5/3650.0 days/days; walltime: 0.4
730.0/3650.0 days/days; walltime: 0.2
766.5/3650.0 days/days; walltime: 0.6
803.0/3650.0 days/days; walltime: 0.2
839.5/3650.0 days/days; walltime: 0.2
876.0/3650.0 days/days; walltime: 0.2
912.5/3650.0 days/days; walltime: 0.1
949.0/3650.0 days/days; walltime: 0.2
985.5/3650.0 days/days; walltime: 0.2
1022.0/3650.0 days/days; walltime: 0.1
1058.5/3650.0 days/days; walltime: 0.1
1095.0/3650.0 days/days; walltime: 0.1
1131.5/3650.0 days/days; walltime: 0.1
1168.0/3650.0 days/days; walltime: 0.2
1204.5/3650.0 days/days; walltime: 0.1
1241.0/3650.0 days/days; walltime: 0.2
1277.5/3650.0 days/days; walltime: 0.1
1314.0/3650.0 days/days; walltime: 0.1
1350.5/3650.0 days/days; walltime: 0.2
1387.0/3650.0 days/days; walltime: 0.1
1423.5/3650.0 days/days; walltime: 0.1
1460.0/3650.0 days/days; walltime: 0.5
1496.5/3650.0 days/days; walltime: 0.1
1533.0/3650.0 days/days; walltime: 0.1
1569.5/3650.0 days/days; walltime: 0.1
1606.0/3650.0 days/days; walltime: 0.1
1642.5/3650.0 days/days; walltime: 0.1
1679.0/3650.0 days/days; walltime: 0.1
1715.5/3650.0 days/days; walltime: 0.2
1752.0/3650.0 days/days; walltime: 0.1
1788.5/3650.0 days/days; walltime: 0.1
1825.0/3650.0 days/days; walltime: 0.1
1861.5/3650.0 days/days; walltime: 0.1
1898.0/3650.0 days/days; walltime: 0.1
1934.5/3650.0 days/days; walltime: 0.1
1971.0/3650.0 days/days; walltime: 0.1
2007.5/3650.0 days/days; walltime: 0.5
2044.0/3650.0 days/days; walltime: 0.0
2080.5/3650.0 days/days; walltime: 0.0
2117.0/3650.0 days/days; walltime: 0.0
2153.5/3650.0 days/days; walltime: 0.0
2190.0/3650.0 days/days; walltime: 0.0
2226.5/3650.0 days/days; walltime: 0.0
2263.0/3650.0 days/days; walltime: 0.0
2299.5/3650.0 days/days; walltime: 0.0
2336.0/3650.0 days/days; walltime: 0.0
2372.5/3650.0 days/days; walltime: 0.0
2409.0/3650.0 days/days; walltime: 0.0
2445.5/3650.0 days/days; walltime: 0.0
2482.0/3650.0 days/days; walltime: 0.0
2518.5/3650.0 days/days; walltime: 0.0
2591.5/3650.0 days/days; walltime: 0.0
2628.0/3650.0 days/days; walltime: 0.0
2701.0/3650.0 days/days; walltime: 0.0
2774.0/3650.0 days/days; walltime: 0.0
2847.0/3650.0 days/days; walltime: 0.0
2920.0/3650.0 days/days; walltime: 0.0
2993.0/3650.0 days/days; walltime: 0.0
3066.0/3650.0 days/days; walltime: 0.0
3139.0/3650.0 days/days; walltime: 0.5
3212.0/3650.0 days/days; walltime: 0.0
3321.5/3650.0 days/days; walltime: 0.0
3394.5/3650.0 days/days; walltime: 0.0
3467.5/3650.0 days/days; walltime: 0.0
3577.0/3650.0 days/days; walltime: 0.0
3650.0/3650.0 days/days; walltime: 0.0
Wallclock for model run: 89.9s
 
Case 5:
Picked up JAVA_TOOL_OPTIONS: -Xmx2g
Opening log file:  /tmp/java.log.37944

                                                                              < M A T L A B (R) >
                                                                    Copyright 1984-2020 The MathWorks, Inc.
                                                                    R2020b (9.9.0.1467703) 64-bit (glnxa64)
                                                                                August 26, 2020

 
To get started, type doc.
For product information, visit www.mathworks.com.
 
Running model run (ode15s):
Run with steady forcing
Saving model run to
/scratch/tghill/farming/meta/glads-farm/RUN/output_005.nc
Fields, IC & BC initialised
Initial phi calculated in 0.6s
0.0/3650.0 days/days; walltime: 2.7
36.5/3650.0 days/days; walltime: 3.5
73.0/3650.0 days/days; walltime: 10.1
109.5/3650.0 days/days; walltime: 18.2
146.0/3650.0 days/days; walltime: 13.6
182.5/3650.0 days/days; walltime: 6.8
219.0/3650.0 days/days; walltime: 6.2
255.5/3650.0 days/days; walltime: 3.1
292.0/3650.0 days/days; walltime: 3.1
328.5/3650.0 days/days; walltime: 3.2
365.0/3650.0 days/days; walltime: 2.1
401.5/3650.0 days/days; walltime: 1.6
438.0/3650.0 days/days; walltime: 1.1
474.5/3650.0 days/days; walltime: 0.8
511.0/3650.0 days/days; walltime: 0.8
-547.5/3650.0 days/days; walltime: 0.6
584.0/3650.0 days/days; walltime: 0.6
620.5/3650.0 days/days; walltime: 0.8
657.0/3650.0 days/days; walltime: 0.3
693.5/3650.0 days/days; walltime: 0.4
730.0/3650.0 days/days; walltime: 0.3
766.5/3650.0 days/days; walltime: 0.3
803.0/3650.0 days/days; walltime: 0.3
839.5/3650.0 days/days; walltime: 0.2
876.0/3650.0 days/days; walltime: 0.2
912.5/3650.0 days/days; walltime: 0.2
949.0/3650.0 days/days; walltime: 0.2
985.5/3650.0 days/days; walltime: 0.2
1022.0/3650.0 days/days; walltime: 0.1
1058.5/3650.0 days/days; walltime: 0.2
1095.0/3650.0 days/days; walltime: 0.1
1131.5/3650.0 days/days; walltime: 0.6
1168.0/3650.0 days/days; walltime: 0.2
1204.5/3650.0 days/days; walltime: 0.1
1241.0/3650.0 days/days; walltime: 0.2
1277.5/3650.0 days/days; walltime: 0.2
1314.0/3650.0 days/days; walltime: 0.1
1350.5/3650.0 days/days; walltime: 0.2
1387.0/3650.0 days/days; walltime: 0.2
1423.5/3650.0 days/days; walltime: 0.1
1460.0/3650.0 days/days; walltime: 0.1
1496.5/3650.0 days/days; walltime: 0.1
1533.0/3650.0 days/days; walltime: 0.1
1569.5/3650.0 days/days; walltime: 0.1
1606.0/3650.0 days/days; walltime: 0.1
1642.5/3650.0 days/days; walltime: 0.1
1679.0/3650.0 days/days; walltime: 0.1
1715.5/3650.0 days/days; walltime: 0.1
1752.0/3650.0 days/days; walltime: 0.1
1788.5/3650.0 days/days; walltime: 0.1
1825.0/3650.0 days/days; walltime: 0.1
1861.5/3650.0 days/days; walltime: 0.2
1898.0/3650.0 days/days; walltime: 0.1
1934.5/3650.0 days/days; walltime: 0.1
1971.0/3650.0 days/days; walltime: 0.2
2007.5/3650.0 days/days; walltime: 0.2
2044.0/3650.0 days/days; walltime: 0.2
2080.5/3650.0 days/days; walltime: 0.2
2117.0/3650.0 days/days; walltime: 0.1
2153.5/3650.0 days/days; walltime: 0.1
2190.0/3650.0 days/days; walltime: 0.1
2226.5/3650.0 days/days; walltime: 0.5
2263.0/3650.0 days/days; walltime: 0.0
2299.5/3650.0 days/days; walltime: 0.0
2336.0/3650.0 days/days; walltime: 0.1
2409.0/3650.0 days/days; walltime: 0.0
2445.5/3650.0 days/days; walltime: 0.0
2518.5/3650.0 days/days; walltime: 0.0
2555.0/3650.0 days/days; walltime: 0.0
2628.0/3650.0 days/days; walltime: 0.0
2701.0/3650.0 days/days; walltime: 0.0
2774.0/3650.0 days/days; walltime: 0.0
2847.0/3650.0 days/days; walltime: 0.0
2920.0/3650.0 days/days; walltime: 0.0
2993.0/3650.0 days/days; walltime: 0.0
3102.5/3650.0 days/days; walltime: 0.0
3175.5/3650.0 days/days; walltime: 0.0
3285.0/3650.0 days/days; walltime: 0.0
3358.0/3650.0 days/days; walltime: 0.0
3467.5/3650.0 days/days; walltime: 0.1
3540.5/3650.0 days/days; walltime: 0.0
3650.0/3650.0 days/days; walltime: 0.0
Wallclock for model run: 88.3s
 
Case 6:
Picked up JAVA_TOOL_OPTIONS: -Xmx2g
Opening log file:  /tmp/java.log.39968

                                                                              < M A T L A B (R) >
                                                                    Copyright 1984-2020 The MathWorks, Inc.
                                                                    R2020b (9.9.0.1467703) 64-bit (glnxa64)
                                                                                August 26, 2020

 
To get started, type doc.
For product information, visit www.mathworks.com.
 
Running model run (ode15s):
Run with steady forcing
Saving model run to
/scratch/tghill/farming/meta/glads-farm/RUN/output_006.nc
Fields, IC & BC initialised
Initial phi calculated in 0.6s
0.0/3650.0 days/days; walltime: 2.7
36.5/3650.0 days/days; walltime: 3.5
73.0/3650.0 days/days; walltime: 10.4
109.5/3650.0 days/days; walltime: 20.2
146.0/3650.0 days/days; walltime: 10.4
182.5/3650.0 days/days; walltime: 6.1
219.0/3650.0 days/days; walltime: 5.4
255.5/3650.0 days/days; walltime: 3.3
292.0/3650.0 days/days; walltime: 2.8
328.5/3650.0 days/days; walltime: 3.2
365.0/3650.0 days/days; walltime: 2.1
401.5/3650.0 days/days; walltime: 1.5
438.0/3650.0 days/days; walltime: 1.2
474.5/3650.0 days/days; walltime: 0.9
511.0/3650.0 days/days; walltime: 0.7
547.5/3650.0 days/days; walltime: 0.7
584.0/3650.0 days/days; walltime: 0.7
620.5/3650.0 days/days; walltime: 0.7
657.0/3650.0 days/days; walltime: 0.9
693.5/3650.0 days/days; walltime: 0.6
730.0/3650.0 days/days; walltime: 1.1
766.5/3650.0 days/days; walltime: 0.3
803.0/3650.0 days/days; walltime: 0.3
839.5/3650.0 days/days; walltime: 0.3
876.0/3650.0 days/days; walltime: 0.3
-912.5/3650.0 days/days; walltime: 0.2
949.0/3650.0 days/days; walltime: 0.2
985.5/3650.0 days/days; walltime: 0.2
1022.0/3650.0 days/days; walltime: 0.2
1058.5/3650.0 days/days; walltime: 0.2
1095.0/3650.0 days/days; walltime: 0.2
1131.5/3650.0 days/days; walltime: 0.2
1168.0/3650.0 days/days; walltime: 0.2
1204.5/3650.0 days/days; walltime: 0.3
1241.0/3650.0 days/days; walltime: 0.3
1277.5/3650.0 days/days; walltime: 0.4
1314.0/3650.0 days/days; walltime: 0.4
1350.5/3650.0 days/days; walltime: 0.8
1387.0/3650.0 days/days; walltime: 0.1
1423.5/3650.0 days/days; walltime: 0.2
1460.0/3650.0 days/days; walltime: 0.1
1496.5/3650.0 days/days; walltime: 0.1
1533.0/3650.0 days/days; walltime: 0.1
1569.5/3650.0 days/days; walltime: 0.1
1606.0/3650.0 days/days; walltime: 0.1
1642.5/3650.0 days/days; walltime: 0.1
1679.0/3650.0 days/days; walltime: 0.2
1715.5/3650.0 days/days; walltime: 0.1
1752.0/3650.0 days/days; walltime: 0.2
1788.5/3650.0 days/days; walltime: 0.1
1825.0/3650.0 days/days; walltime: 0.1
1861.5/3650.0 days/days; walltime: 0.1
1898.0/3650.0 days/days; walltime: 0.1
1934.5/3650.0 days/days; walltime: 0.1
1971.0/3650.0 days/days; walltime: 0.1
2007.5/3650.0 days/days; walltime: 0.5
2044.0/3650.0 days/days; walltime: 0.0
2080.5/3650.0 days/days; walltime: 0.0
2117.0/3650.0 days/days; walltime: 0.0
2153.5/3650.0 days/days; walltime: 0.0
2190.0/3650.0 days/days; walltime: 0.0
2226.5/3650.0 days/days; walltime: 0.0
2263.0/3650.0 days/days; walltime: 0.1
2336.0/3650.0 days/days; walltime: 0.0
2409.0/3650.0 days/days; walltime: 0.0
2482.0/3650.0 days/days; walltime: 0.0
2555.0/3650.0 days/days; walltime: 0.1
2664.5/3650.0 days/days; walltime: 0.0
2737.5/3650.0 days/days; walltime: 0.0
2847.0/3650.0 days/days; walltime: 0.0
2920.0/3650.0 days/days; walltime: 0.0
3029.5/3650.0 days/days; walltime: 0.0
3139.0/3650.0 days/days; walltime: 0.0
3248.5/3650.0 days/days; walltime: 0.0
3358.0/3650.0 days/days; walltime: 0.0
3504.0/3650.0 days/days; walltime: 0.0
3650.0/3650.0 days/days; walltime: 0.0
Wallclock for model run: 88.6s
 
Case 7:
Picked up JAVA_TOOL_OPTIONS: -Xmx2g
Opening log file:  /tmp/java.log.41992

                                                                              < M A T L A B (R) >
                                                                    Copyright 1984-2020 The MathWorks, Inc.
                                                                    R2020b (9.9.0.1467703) 64-bit (glnxa64)
                                                                                August 26, 2020

 
To get started, type doc.
For product information, visit www.mathworks.com.
 
Running model run (ode15s):
Run with steady forcing
Saving model run to
/scratch/tghill/farming/meta/glads-farm/RUN/output_007.nc
Fields, IC & BC initialised
Initial phi calculated in 0.6s
0.0/3650.0 days/days; walltime: 2.7
36.5/3650.0 days/days; walltime: 3.5
73.0/3650.0 days/days; walltime: 10.7
109.5/3650.0 days/days; walltime: 20.6
146.0/3650.0 days/days; walltime: 8.9
182.5/3650.0 days/days; walltime: 6.7
219.0/3650.0 days/days; walltime: 4.9
255.5/3650.0 days/days; walltime: 4.0
292.0/3650.0 days/days; walltime: 2.8
328.5/3650.0 days/days; walltime: 3.2
365.0/3650.0 days/days; walltime: 2.0
401.5/3650.0 days/days; walltime: 1.3
438.0/3650.0 days/days; walltime: 1.2
474.5/3650.0 days/days; walltime: 0.9
511.0/3650.0 days/days; walltime: 1.4
547.5/3650.0 days/days; walltime: 0.4
584.0/3650.0 days/days; walltime: 0.4
620.5/3650.0 days/days; walltime: 0.6
657.0/3650.0 days/days; walltime: 0.5
693.5/3650.0 days/days; walltime: 0.4
730.0/3650.0 days/days; walltime: 0.4
766.5/3650.0 days/days; walltime: 0.3
803.0/3650.0 days/days; walltime: 0.2
-839.5/3650.0 days/days; walltime: 0.2
876.0/3650.0 days/days; walltime: 0.2
912.5/3650.0 days/days; walltime: 0.2
949.0/3650.0 days/days; walltime: 0.7
985.5/3650.0 days/days; walltime: 0.2
1022.0/3650.0 days/days; walltime: 0.3
1058.5/3650.0 days/days; walltime: 0.2
1095.0/3650.0 days/days; walltime: 0.3
1131.5/3650.0 days/days; walltime: 0.2
1168.0/3650.0 days/days; walltime: 0.2
1204.5/3650.0 days/days; walltime: 0.2
1241.0/3650.0 days/days; walltime: 0.2
1277.5/3650.0 days/days; walltime: 0.2
1314.0/3650.0 days/days; walltime: 0.1
1350.5/3650.0 days/days; walltime: 0.1
1387.0/3650.0 days/days; walltime: 0.1
1423.5/3650.0 days/days; walltime: 0.1
1460.0/3650.0 days/days; walltime: 0.2
1496.5/3650.0 days/days; walltime: 0.2
1533.0/3650.0 days/days; walltime: 0.1
1569.5/3650.0 days/days; walltime: 0.2
1606.0/3650.0 days/days; walltime: 0.1
1642.5/3650.0 days/days; walltime: 0.2
1679.0/3650.0 days/days; walltime: 0.1
1715.5/3650.0 days/days; walltime: 0.1
1752.0/3650.0 days/days; walltime: 0.1
1788.5/3650.0 days/days; walltime: 0.1
1825.0/3650.0 days/days; walltime: 0.1
1861.5/3650.0 days/days; walltime: 0.1
1898.0/3650.0 days/days; walltime: 0.5
1934.5/3650.0 days/days; walltime: 0.1
1971.0/3650.0 days/days; walltime: 0.2
2007.5/3650.0 days/days; walltime: 0.1
2044.0/3650.0 days/days; walltime: 0.2
2080.5/3650.0 days/days; walltime: 0.2
2117.0/3650.0 days/days; walltime: 0.1
2153.5/3650.0 days/days; walltime: 0.2
2190.0/3650.0 days/days; walltime: 0.1
2226.5/3650.0 days/days; walltime: 0.1
2263.0/3650.0 days/days; walltime: 0.5
2299.5/3650.0 days/days; walltime: 0.0
2336.0/3650.0 days/days; walltime: 0.0
2372.5/3650.0 days/days; walltime: 0.0
2409.0/3650.0 days/days; walltime: 0.0
2482.0/3650.0 days/days; walltime: 0.0
2518.5/3650.0 days/days; walltime: 0.0
2555.0/3650.0 days/days; walltime: 0.0
2628.0/3650.0 days/days; walltime: 0.0
2701.0/3650.0 days/days; walltime: 0.0
2774.0/3650.0 days/days; walltime: 0.0
2847.0/3650.0 days/days; walltime: 0.0
2920.0/3650.0 days/days; walltime: 0.0
3029.5/3650.0 days/days; walltime: 0.0
3102.5/3650.0 days/days; walltime: 0.0
3212.0/3650.0 days/days; walltime: 0.0
3321.5/3650.0 days/days; walltime: 0.0
3431.0/3650.0 days/days; walltime: 0.0
3577.0/3650.0 days/days; walltime: 0.0
Wallclock for model run: 86.8s
 
No cases left; exiting.
