Case 1:
Picked up JAVA_TOOL_OPTIONS: -Xmx2g
Opening log file:  /tmp/java.log.11771

                                                                              < M A T L A B (R) >
                                                                    Copyright 1984-2020 The MathWorks, Inc.
                                                                    R2020b (9.9.0.1467703) 64-bit (glnxa64)
                                                                                August 26, 2020

 
To get started, type doc.
For product information, visit www.mathworks.com.
 
Running model run (ode15s):
Run with steady forcing
Creating output dir: /scratch/tghill/farming/meta/glads-farm/RUN/
Saving model run to
/scratch/tghill/farming/meta/glads-farm/RUN/output_001.nc
Fields, IC & BC initialised
Initial phi calculated in 0.9s
0.0/3650.0 days/days; walltime: 3.0
36.5/3650.0 days/days; walltime: 3.7
73.0/3650.0 days/days; walltime: 11.9
109.5/3650.0 days/days; walltime: 9.4
146.0/3650.0 days/days; walltime: 8.1
182.5/3650.0 days/days; walltime: 3.3
219.0/3650.0 days/days; walltime: 2.6
255.5/3650.0 days/days; walltime: 2.0
292.0/3650.0 days/days; walltime: 2.9
328.5/3650.0 days/days; walltime: 3.6
365.0/3650.0 days/days; walltime: 4.2
401.5/3650.0 days/days; walltime: 13.5
438.0/3650.0 days/days; walltime: 10.4
474.5/3650.0 days/days; walltime: 9.6
511.0/3650.0 days/days; walltime: 8.5
547.5/3650.0 days/days; walltime: 4.8
584.0/3650.0 days/days; walltime: 4.8
620.5/3650.0 days/days; walltime: 4.8
657.0/3650.0 days/days; walltime: 5.3
693.5/3650.0 days/days; walltime: 5.0
730.0/3650.0 days/days; walltime: 4.9
766.5/3650.0 days/days; walltime: 1.9
803.0/3650.0 days/days; walltime: 1.1
839.5/3650.0 days/days; walltime: 0.8
876.0/3650.0 days/days; walltime: 0.7
912.5/3650.0 days/days; walltime: 0.5
949.0/3650.0 days/days; walltime: 0.4
985.5/3650.0 days/days; walltime: 0.7
-1022.0/3650.0 days/days; walltime: 0.1
1058.5/3650.0 days/days; walltime: 0.2
1095.0/3650.0 days/days; walltime: 0.2
1131.5/3650.0 days/days; walltime: 0.2
1168.0/3650.0 days/days; walltime: 0.2
-1204.5/3650.0 days/days; walltime: 0.2
1241.0/3650.0 days/days; walltime: 0.1
1277.5/3650.0 days/days; walltime: 0.1
1314.0/3650.0 days/days; walltime: 0.2
1350.5/3650.0 days/days; walltime: 0.2
1387.0/3650.0 days/days; walltime: 0.1
1423.5/3650.0 days/days; walltime: 0.2
1460.0/3650.0 days/days; walltime: 0.2
1496.5/3650.0 days/days; walltime: 0.2
1533.0/3650.0 days/days; walltime: 0.6
1569.5/3650.0 days/days; walltime: 0.1
-1606.0/3650.0 days/days; walltime: 0.1
1642.5/3650.0 days/days; walltime: 0.1
1679.0/3650.0 days/days; walltime: 0.1
1715.5/3650.0 days/days; walltime: 0.1
1752.0/3650.0 days/days; walltime: 0.1
1788.5/3650.0 days/days; walltime: 0.1
1825.0/3650.0 days/days; walltime: 0.1
1861.5/3650.0 days/days; walltime: 0.1
1898.0/3650.0 days/days; walltime: 0.1
1934.5/3650.0 days/days; walltime: 0.1
1971.0/3650.0 days/days; walltime: 0.1
2007.5/3650.0 days/days; walltime: 0.1
2044.0/3650.0 days/days; walltime: 0.1
2080.5/3650.0 days/days; walltime: 0.1
2117.0/3650.0 days/days; walltime: 0.1
2153.5/3650.0 days/days; walltime: 0.1
2190.0/3650.0 days/days; walltime: 0.1
2226.5/3650.0 days/days; walltime: 0.1
2263.0/3650.0 days/days; walltime: 0.1
2299.5/3650.0 days/days; walltime: 0.1
2336.0/3650.0 days/days; walltime: 0.1
2372.5/3650.0 days/days; walltime: 0.1
2409.0/3650.0 days/days; walltime: 0.1
2445.5/3650.0 days/days; walltime: 0.1
2482.0/3650.0 days/days; walltime: 0.1
2518.5/3650.0 days/days; walltime: 0.1
2555.0/3650.0 days/days; walltime: 0.1
2591.5/3650.0 days/days; walltime: 0.1
2628.0/3650.0 days/days; walltime: 0.1
2664.5/3650.0 days/days; walltime: 0.1
2701.0/3650.0 days/days; walltime: 0.1
2737.5/3650.0 days/days; walltime: 0.1
2774.0/3650.0 days/days; walltime: 0.1
2810.5/3650.0 days/days; walltime: 0.1
2847.0/3650.0 days/days; walltime: 0.1
2883.5/3650.0 days/days; walltime: 0.1
2920.0/3650.0 days/days; walltime: 0.1
2956.5/3650.0 days/days; walltime: 0.1
2993.0/3650.0 days/days; walltime: 0.0
3029.5/3650.0 days/days; walltime: 0.1
3066.0/3650.0 days/days; walltime: 0.0
3102.5/3650.0 days/days; walltime: 0.0
3139.0/3650.0 days/days; walltime: 0.1
3175.5/3650.0 days/days; walltime: 0.0
3212.0/3650.0 days/days; walltime: 0.0
3248.5/3650.0 days/days; walltime: 0.0
3285.0/3650.0 days/days; walltime: 0.0
3321.5/3650.0 days/days; walltime: 0.1
3358.0/3650.0 days/days; walltime: 0.0
3394.5/3650.0 days/days; walltime: 0.1
3431.0/3650.0 days/days; walltime: 0.0
3467.5/3650.0 days/days; walltime: 0.0
3504.0/3650.0 days/days; walltime: 0.1
3540.5/3650.0 days/days; walltime: 0.0
3577.0/3650.0 days/days; walltime: 0.0
3613.5/3650.0 days/days; walltime: 0.1
3650.0/3650.0 days/days; walltime: 0.1
Wallclock for model run: 141.4s
 
Case 2:
Picked up JAVA_TOOL_OPTIONS: -Xmx2g
Opening log file:  /tmp/java.log.13902

                                                                              < M A T L A B (R) >
                                                                    Copyright 1984-2020 The MathWorks, Inc.
                                                                    R2020b (9.9.0.1467703) 64-bit (glnxa64)
                                                                                August 26, 2020

 
To get started, type doc.
For product information, visit www.mathworks.com.
 
Running model run (ode15s):
Run with steady forcing
Saving model run to
/scratch/tghill/farming/meta/glads-farm/RUN/output_002.nc
Fields, IC & BC initialised
Initial phi calculated in 1.1s
0.0/3650.0 days/days; walltime: 2.9
36.5/3650.0 days/days; walltime: 3.7
73.0/3650.0 days/days; walltime: 12.1
109.5/3650.0 days/days; walltime: 10.8
146.0/3650.0 days/days; walltime: 9.5
182.5/3650.0 days/days; walltime: 4.6
219.0/3650.0 days/days; walltime: 3.8
255.5/3650.0 days/days; walltime: 7.1
292.0/3650.0 days/days; walltime: 12.3
328.5/3650.0 days/days; walltime: 11.1
365.0/3650.0 days/days; walltime: 6.6
401.5/3650.0 days/days; walltime: 6.1
438.0/3650.0 days/days; walltime: 5.4
474.5/3650.0 days/days; walltime: 3.0
511.0/3650.0 days/days; walltime: 1.5
547.5/3650.0 days/days; walltime: 1.4
584.0/3650.0 days/days; walltime: 0.8
620.5/3650.0 days/days; walltime: 0.8
657.0/3650.0 days/days; walltime: 0.7
693.5/3650.0 days/days; walltime: 0.6
730.0/3650.0 days/days; walltime: 0.5
766.5/3650.0 days/days; walltime: 0.4
803.0/3650.0 days/days; walltime: 0.3
839.5/3650.0 days/days; walltime: 0.3
-876.0/3650.0 days/days; walltime: 0.6
-912.5/3650.0 days/days; walltime: 0.2
949.0/3650.0 days/days; walltime: 0.2
-985.5/3650.0 days/days; walltime: 0.2
1022.0/3650.0 days/days; walltime: 0.2
1058.5/3650.0 days/days; walltime: 0.3
1095.0/3650.0 days/days; walltime: 0.2
1131.5/3650.0 days/days; walltime: 0.3
-1168.0/3650.0 days/days; walltime: 0.2
1204.5/3650.0 days/days; walltime: 0.2
1241.0/3650.0 days/days; walltime: 0.1
1277.5/3650.0 days/days; walltime: 0.2
1314.0/3650.0 days/days; walltime: 0.2
1350.5/3650.0 days/days; walltime: 0.2
1387.0/3650.0 days/days; walltime: 0.1
1423.5/3650.0 days/days; walltime: 0.1
1460.0/3650.0 days/days; walltime: 0.1
1496.5/3650.0 days/days; walltime: 0.1
1533.0/3650.0 days/days; walltime: 0.1
1569.5/3650.0 days/days; walltime: 0.1
1606.0/3650.0 days/days; walltime: 0.5
1642.5/3650.0 days/days; walltime: 0.1
1679.0/3650.0 days/days; walltime: 0.1
1715.5/3650.0 days/days; walltime: 0.1
1752.0/3650.0 days/days; walltime: 0.1
1788.5/3650.0 days/days; walltime: 0.1
1825.0/3650.0 days/days; walltime: 0.1
1861.5/3650.0 days/days; walltime: 0.1
1898.0/3650.0 days/days; walltime: 0.0
1934.5/3650.0 days/days; walltime: 0.1
1971.0/3650.0 days/days; walltime: 0.1
2007.5/3650.0 days/days; walltime: 0.1
2044.0/3650.0 days/days; walltime: 0.1
2080.5/3650.0 days/days; walltime: 0.1
2117.0/3650.0 days/days; walltime: 0.1
2153.5/3650.0 days/days; walltime: 0.1
2190.0/3650.0 days/days; walltime: 0.1
2226.5/3650.0 days/days; walltime: 0.1
2263.0/3650.0 days/days; walltime: 0.1
2299.5/3650.0 days/days; walltime: 0.1
2336.0/3650.0 days/days; walltime: 0.1
2372.5/3650.0 days/days; walltime: 0.1
2409.0/3650.0 days/days; walltime: 0.1
2445.5/3650.0 days/days; walltime: 0.1
2482.0/3650.0 days/days; walltime: 0.1
2518.5/3650.0 days/days; walltime: 0.1
2555.0/3650.0 days/days; walltime: 0.1
2591.5/3650.0 days/days; walltime: 0.1
2628.0/3650.0 days/days; walltime: 0.1
2664.5/3650.0 days/days; walltime: 0.6
2701.0/3650.0 days/days; walltime: 0.1
2737.5/3650.0 days/days; walltime: 0.0
2774.0/3650.0 days/days; walltime: 0.1
2810.5/3650.0 days/days; walltime: 0.1
2847.0/3650.0 days/days; walltime: 0.1
2883.5/3650.0 days/days; walltime: 0.1
2920.0/3650.0 days/days; walltime: 0.1
2956.5/3650.0 days/days; walltime: 0.1
2993.0/3650.0 days/days; walltime: 0.0
3029.5/3650.0 days/days; walltime: 0.1
3066.0/3650.0 days/days; walltime: 0.1
3102.5/3650.0 days/days; walltime: 0.0
3139.0/3650.0 days/days; walltime: 0.1
3175.5/3650.0 days/days; walltime: 0.0
3212.0/3650.0 days/days; walltime: 0.1
3248.5/3650.0 days/days; walltime: 0.1
3285.0/3650.0 days/days; walltime: 0.0
3321.5/3650.0 days/days; walltime: 0.0
3358.0/3650.0 days/days; walltime: 0.1
3394.5/3650.0 days/days; walltime: 0.0
3431.0/3650.0 days/days; walltime: 0.0
3467.5/3650.0 days/days; walltime: 0.1
3504.0/3650.0 days/days; walltime: 0.1
3540.5/3650.0 days/days; walltime: 0.0
3577.0/3650.0 days/days; walltime: 0.1
3613.5/3650.0 days/days; walltime: 0.0
3650.0/3650.0 days/days; walltime: 0.1
Wallclock for model run: 116.6s
 
Case 3:
Picked up JAVA_TOOL_OPTIONS: -Xmx2g
Opening log file:  /tmp/java.log.16053

                                                                              < M A T L A B (R) >
                                                                    Copyright 1984-2020 The MathWorks, Inc.
                                                                    R2020b (9.9.0.1467703) 64-bit (glnxa64)
                                                                                August 26, 2020

 
To get started, type doc.
For product information, visit www.mathworks.com.
 
Running model run (ode15s):
Run with steady forcing
Saving model run to
/scratch/tghill/farming/meta/glads-farm/RUN/output_003.nc
Fields, IC & BC initialised
Initial phi calculated in 0.8s
0.0/3650.0 days/days; walltime: 2.9
36.5/3650.0 days/days; walltime: 3.7
73.0/3650.0 days/days; walltime: 11.9
109.5/3650.0 days/days; walltime: 16.5
146.0/3650.0 days/days; walltime: 6.2
182.5/3650.0 days/days; walltime: 6.0
219.0/3650.0 days/days; walltime: 11.5
255.5/3650.0 days/days; walltime: 11.5
292.0/3650.0 days/days; walltime: 7.5
328.5/3650.0 days/days; walltime: 5.8
365.0/3650.0 days/days; walltime: 2.6
401.5/3650.0 days/days; walltime: 1.7
438.0/3650.0 days/days; walltime: 1.4
474.5/3650.0 days/days; walltime: 1.6
-511.0/3650.0 days/days; walltime: 0.6
547.5/3650.0 days/days; walltime: 0.7
584.0/3650.0 days/days; walltime: 0.6
620.5/3650.0 days/days; walltime: 0.6
657.0/3650.0 days/days; walltime: 0.5
693.5/3650.0 days/days; walltime: 0.5
730.0/3650.0 days/days; walltime: 0.5
766.5/3650.0 days/days; walltime: 0.4
803.0/3650.0 days/days; walltime: 0.3
839.5/3650.0 days/days; walltime: 0.3
876.0/3650.0 days/days; walltime: 0.7
912.5/3650.0 days/days; walltime: 0.2
949.0/3650.0 days/days; walltime: 0.2
985.5/3650.0 days/days; walltime: 0.3
1022.0/3650.0 days/days; walltime: 0.3
1058.5/3650.0 days/days; walltime: 0.2
--1095.0/3650.0 days/days; walltime: 0.3
1131.5/3650.0 days/days; walltime: 0.4
1168.0/3650.0 days/days; walltime: 0.4
1204.5/3650.0 days/days; walltime: 0.3
1241.0/3650.0 days/days; walltime: 0.3
1277.5/3650.0 days/days; walltime: 0.3
1314.0/3650.0 days/days; walltime: 0.2
1350.5/3650.0 days/days; walltime: 0.2
1387.0/3650.0 days/days; walltime: 0.1
1423.5/3650.0 days/days; walltime: 0.1
1460.0/3650.0 days/days; walltime: 0.1
1496.5/3650.0 days/days; walltime: 0.1
1533.0/3650.0 days/days; walltime: 0.1
1569.5/3650.0 days/days; walltime: 0.1
1606.0/3650.0 days/days; walltime: 0.1
1642.5/3650.0 days/days; walltime: 0.1
1679.0/3650.0 days/days; walltime: 0.6
1715.5/3650.0 days/days; walltime: 0.1
1752.0/3650.0 days/days; walltime: 0.1
1788.5/3650.0 days/days; walltime: 0.1
1825.0/3650.0 days/days; walltime: 0.1
1861.5/3650.0 days/days; walltime: 0.1
1898.0/3650.0 days/days; walltime: 0.1
1934.5/3650.0 days/days; walltime: 0.1
1971.0/3650.0 days/days; walltime: 0.1
2007.5/3650.0 days/days; walltime: 0.1
2044.0/3650.0 days/days; walltime: 0.1
2080.5/3650.0 days/days; walltime: 0.1
2117.0/3650.0 days/days; walltime: 0.1
2153.5/3650.0 days/days; walltime: 0.0
-2190.0/3650.0 days/days; walltime: 0.1
2226.5/3650.0 days/days; walltime: 0.1
2263.0/3650.0 days/days; walltime: 0.0
2299.5/3650.0 days/days; walltime: 0.1
2336.0/3650.0 days/days; walltime: 0.0
2372.5/3650.0 days/days; walltime: 0.0
2409.0/3650.0 days/days; walltime: 0.0
2445.5/3650.0 days/days; walltime: 0.1
2482.0/3650.0 days/days; walltime: 0.0
2518.5/3650.0 days/days; walltime: 0.0
2555.0/3650.0 days/days; walltime: 0.0
2591.5/3650.0 days/days; walltime: 0.0
2628.0/3650.0 days/days; walltime: 0.1
2664.5/3650.0 days/days; walltime: 0.0
2701.0/3650.0 days/days; walltime: 0.0
2737.5/3650.0 days/days; walltime: 0.1
2774.0/3650.0 days/days; walltime: 0.0
2810.5/3650.0 days/days; walltime: 0.1
2847.0/3650.0 days/days; walltime: 0.1
2883.5/3650.0 days/days; walltime: 0.1
2920.0/3650.0 days/days; walltime: 0.1
2956.5/3650.0 days/days; walltime: 0.1
2993.0/3650.0 days/days; walltime: 0.1
3029.5/3650.0 days/days; walltime: 0.1
3066.0/3650.0 days/days; walltime: 0.1
3102.5/3650.0 days/days; walltime: 0.1
3139.0/3650.0 days/days; walltime: 0.1
3175.5/3650.0 days/days; walltime: 0.1
3212.0/3650.0 days/days; walltime: 0.1
3248.5/3650.0 days/days; walltime: 0.1
3285.0/3650.0 days/days; walltime: 0.0
3321.5/3650.0 days/days; walltime: 0.1
3358.0/3650.0 days/days; walltime: 0.1
3394.5/3650.0 days/days; walltime: 0.1
3431.0/3650.0 days/days; walltime: 0.1
-3467.5/3650.0 days/days; walltime: 0.1
3504.0/3650.0 days/days; walltime: 0.1
3540.5/3650.0 days/days; walltime: 0.1
3577.0/3650.0 days/days; walltime: 0.1
3613.5/3650.0 days/days; walltime: 0.1
3650.0/3650.0 days/days; walltime: 0.2
Wallclock for model run: 107.1s
 
Case 4:
Picked up JAVA_TOOL_OPTIONS: -Xmx2g
Opening log file:  /tmp/java.log.18168

                                                                              < M A T L A B (R) >
                                                                    Copyright 1984-2020 The MathWorks, Inc.
                                                                    R2020b (9.9.0.1467703) 64-bit (glnxa64)
                                                                                August 26, 2020

 
To get started, type doc.
For product information, visit www.mathworks.com.
 
Running model run (ode15s):
Run with steady forcing
Saving model run to
/scratch/tghill/farming/meta/glads-farm/RUN/output_004.nc
Fields, IC & BC initialised
Initial phi calculated in 0.8s
0.0/3650.0 days/days; walltime: 2.9
36.5/3650.0 days/days; walltime: 3.7
73.0/3650.0 days/days; walltime: 11.8
109.5/3650.0 days/days; walltime: 18.2
146.0/3650.0 days/days; walltime: 6.8
182.5/3650.0 days/days; walltime: 12.6
219.0/3650.0 days/days; walltime: 12.0
255.5/3650.0 days/days; walltime: 5.0
292.0/3650.0 days/days; walltime: 3.9
328.5/3650.0 days/days; walltime: 3.3
365.0/3650.0 days/days; walltime: 2.5
401.5/3650.0 days/days; walltime: 1.4
438.0/3650.0 days/days; walltime: 1.2
474.5/3650.0 days/days; walltime: 1.3
-511.0/3650.0 days/days; walltime: 1.0
547.5/3650.0 days/days; walltime: 0.7
-584.0/3650.0 days/days; walltime: 0.7
620.5/3650.0 days/days; walltime: 0.7
657.0/3650.0 days/days; walltime: 0.5
693.5/3650.0 days/days; walltime: 0.5
730.0/3650.0 days/days; walltime: 0.6
766.5/3650.0 days/days; walltime: 0.6
803.0/3650.0 days/days; walltime: 0.5
839.5/3650.0 days/days; walltime: 0.4
876.0/3650.0 days/days; walltime: 0.4
912.5/3650.0 days/days; walltime: 0.7
949.0/3650.0 days/days; walltime: 0.2
985.5/3650.0 days/days; walltime: 0.2
1022.0/3650.0 days/days; walltime: 0.1
1058.5/3650.0 days/days; walltime: 0.2
1095.0/3650.0 days/days; walltime: 0.1
1131.5/3650.0 days/days; walltime: 0.2
1168.0/3650.0 days/days; walltime: 0.2
1204.5/3650.0 days/days; walltime: 0.2
1241.0/3650.0 days/days; walltime: 0.1
1277.5/3650.0 days/days; walltime: 0.1
1314.0/3650.0 days/days; walltime: 0.1
1350.5/3650.0 days/days; walltime: 0.1
--1387.0/3650.0 days/days; walltime: 0.2
1423.5/3650.0 days/days; walltime: 0.2
-1460.0/3650.0 days/days; walltime: 0.3
1496.5/3650.0 days/days; walltime: 0.3
1533.0/3650.0 days/days; walltime: 0.4
--1569.5/3650.0 days/days; walltime: 0.4
1606.0/3650.0 days/days; walltime: 0.5
1642.5/3650.0 days/days; walltime: 0.5
1679.0/3650.0 days/days; walltime: 0.3
1715.5/3650.0 days/days; walltime: 0.2
1752.0/3650.0 days/days; walltime: 0.7
1788.5/3650.0 days/days; walltime: 0.2
1825.0/3650.0 days/days; walltime: 0.1
1861.5/3650.0 days/days; walltime: 0.1
1898.0/3650.0 days/days; walltime: 0.1
1934.5/3650.0 days/days; walltime: 0.1
1971.0/3650.0 days/days; walltime: 0.1
2007.5/3650.0 days/days; walltime: 0.1
2044.0/3650.0 days/days; walltime: 0.2
2080.5/3650.0 days/days; walltime: 0.2
2117.0/3650.0 days/days; walltime: 0.1
2153.5/3650.0 days/days; walltime: 0.1
2190.0/3650.0 days/days; walltime: 0.2
2226.5/3650.0 days/days; walltime: 0.1
2263.0/3650.0 days/days; walltime: 0.1
2299.5/3650.0 days/days; walltime: 0.1
2336.0/3650.0 days/days; walltime: 0.1
2372.5/3650.0 days/days; walltime: 0.1
2409.0/3650.0 days/days; walltime: 0.1
2445.5/3650.0 days/days; walltime: 0.1
2482.0/3650.0 days/days; walltime: 0.1
2518.5/3650.0 days/days; walltime: 0.1
2555.0/3650.0 days/days; walltime: 0.1
2591.5/3650.0 days/days; walltime: 0.1
2628.0/3650.0 days/days; walltime: 0.1
2664.5/3650.0 days/days; walltime: 0.1
2701.0/3650.0 days/days; walltime: 0.1
2737.5/3650.0 days/days; walltime: 0.1
2774.0/3650.0 days/days; walltime: 0.0
2810.5/3650.0 days/days; walltime: 0.1
2847.0/3650.0 days/days; walltime: 0.1
2883.5/3650.0 days/days; walltime: 0.0
2920.0/3650.0 days/days; walltime: 0.6
2956.5/3650.0 days/days; walltime: 0.1
2993.0/3650.0 days/days; walltime: 0.1
3029.5/3650.0 days/days; walltime: 0.1
3066.0/3650.0 days/days; walltime: 0.1
3102.5/3650.0 days/days; walltime: 0.1
3139.0/3650.0 days/days; walltime: 0.1
3175.5/3650.0 days/days; walltime: 0.1
3212.0/3650.0 days/days; walltime: 0.1
3248.5/3650.0 days/days; walltime: 0.1
3285.0/3650.0 days/days; walltime: 0.1
3321.5/3650.0 days/days; walltime: 0.1
3358.0/3650.0 days/days; walltime: 0.1
3394.5/3650.0 days/days; walltime: 0.1
3431.0/3650.0 days/days; walltime: 0.1
3467.5/3650.0 days/days; walltime: 0.1
3504.0/3650.0 days/days; walltime: 0.1
3540.5/3650.0 days/days; walltime: 0.0
3577.0/3650.0 days/days; walltime: 0.1
3613.5/3650.0 days/days; walltime: 0.0
3650.0/3650.0 days/days; walltime: 0.1
Wallclock for model run: 106.9s
 
Case 5:
Picked up JAVA_TOOL_OPTIONS: -Xmx2g
Opening log file:  /tmp/java.log.20302

                                                                              < M A T L A B (R) >
                                                                    Copyright 1984-2020 The MathWorks, Inc.
                                                                    R2020b (9.9.0.1467703) 64-bit (glnxa64)
                                                                                August 26, 2020

 
To get started, type doc.
For product information, visit www.mathworks.com.
 
Running model run (ode15s):
Run with steady forcing
Saving model run to
/scratch/tghill/farming/meta/glads-farm/RUN/output_005.nc
Fields, IC & BC initialised
Initial phi calculated in 0.8s
0.0/3650.0 days/days; walltime: 2.9
36.5/3650.0 days/days; walltime: 3.8
73.0/3650.0 days/days; walltime: 11.4
109.5/3650.0 days/days; walltime: 19.8
146.0/3650.0 days/days; walltime: 10.8
182.5/3650.0 days/days; walltime: 12.8
219.0/3650.0 days/days; walltime: 6.9
255.5/3650.0 days/days; walltime: 4.5
292.0/3650.0 days/days; walltime: 2.9
328.5/3650.0 days/days; walltime: 3.8
365.0/3650.0 days/days; walltime: 2.0
401.5/3650.0 days/days; walltime: 1.9
438.0/3650.0 days/days; walltime: 1.6
474.5/3650.0 days/days; walltime: 1.1
--511.0/3650.0 days/days; walltime: 0.7
547.5/3650.0 days/days; walltime: 0.9
584.0/3650.0 days/days; walltime: 0.7
620.5/3650.0 days/days; walltime: 0.6
657.0/3650.0 days/days; walltime: 0.5
693.5/3650.0 days/days; walltime: 0.4
730.0/3650.0 days/days; walltime: 0.2
766.5/3650.0 days/days; walltime: 0.7
803.0/3650.0 days/days; walltime: 0.2
839.5/3650.0 days/days; walltime: 0.2
876.0/3650.0 days/days; walltime: 0.2
912.5/3650.0 days/days; walltime: 0.2
949.0/3650.0 days/days; walltime: 0.2
985.5/3650.0 days/days; walltime: 0.1
1022.0/3650.0 days/days; walltime: 0.2
1058.5/3650.0 days/days; walltime: 0.2
1095.0/3650.0 days/days; walltime: 0.2
1131.5/3650.0 days/days; walltime: 0.1
1168.0/3650.0 days/days; walltime: 0.2
1204.5/3650.0 days/days; walltime: 0.1
1241.0/3650.0 days/days; walltime: 0.1
1277.5/3650.0 days/days; walltime: 0.2
1314.0/3650.0 days/days; walltime: 0.2
1350.5/3650.0 days/days; walltime: 0.2
1387.0/3650.0 days/days; walltime: 0.1
1423.5/3650.0 days/days; walltime: 0.1
1460.0/3650.0 days/days; walltime: 0.1
1496.5/3650.0 days/days; walltime: 0.6
1533.0/3650.0 days/days; walltime: 0.0
1569.5/3650.0 days/days; walltime: 0.2
1606.0/3650.0 days/days; walltime: 0.1
1642.5/3650.0 days/days; walltime: 0.1
1679.0/3650.0 days/days; walltime: 0.1
1715.5/3650.0 days/days; walltime: 0.1
1752.0/3650.0 days/days; walltime: 0.1
1788.5/3650.0 days/days; walltime: 0.1
1825.0/3650.0 days/days; walltime: 0.1
1861.5/3650.0 days/days; walltime: 0.1
1898.0/3650.0 days/days; walltime: 0.1
1934.5/3650.0 days/days; walltime: 0.1
1971.0/3650.0 days/days; walltime: 0.1
2007.5/3650.0 days/days; walltime: 0.1
2044.0/3650.0 days/days; walltime: 0.5
2080.5/3650.0 days/days; walltime: 0.0
2117.0/3650.0 days/days; walltime: 0.0
2153.5/3650.0 days/days; walltime: 0.0
2190.0/3650.0 days/days; walltime: 0.0
2226.5/3650.0 days/days; walltime: 0.0
2263.0/3650.0 days/days; walltime: 0.1
2299.5/3650.0 days/days; walltime: 0.0
2336.0/3650.0 days/days; walltime: 0.0
2372.5/3650.0 days/days; walltime: 0.0
2409.0/3650.0 days/days; walltime: 0.1
2445.5/3650.0 days/days; walltime: 0.0
2482.0/3650.0 days/days; walltime: 0.0
2518.5/3650.0 days/days; walltime: 0.0
2591.5/3650.0 days/days; walltime: 0.1
2628.0/3650.0 days/days; walltime: 0.0
2701.0/3650.0 days/days; walltime: 0.0
2774.0/3650.0 days/days; walltime: 0.0
2810.5/3650.0 days/days; walltime: 0.1
2883.5/3650.0 days/days; walltime: 0.0
2993.0/3650.0 days/days; walltime: 0.0
3066.0/3650.0 days/days; walltime: 0.0
3139.0/3650.0 days/days; walltime: 0.5
3212.0/3650.0 days/days; walltime: 0.0
3285.0/3650.0 days/days; walltime: 0.0
3394.5/3650.0 days/days; walltime: 0.0
3467.5/3650.0 days/days; walltime: 0.1
3577.0/3650.0 days/days; walltime: 0.1
Wallclock for model run: 99.3s
 
Case 6:
Picked up JAVA_TOOL_OPTIONS: -Xmx2g
Opening log file:  /tmp/java.log.22768

                                                                              < M A T L A B (R) >
                                                                    Copyright 1984-2020 The MathWorks, Inc.
                                                                    R2020b (9.9.0.1467703) 64-bit (glnxa64)
                                                                                August 26, 2020

 
To get started, type doc.
For product information, visit www.mathworks.com.
 
Running model run (ode15s):
Run with steady forcing
Saving model run to
/scratch/tghill/farming/meta/glads-farm/RUN/output_006.nc
Fields, IC & BC initialised
Initial phi calculated in 0.8s
0.0/3650.0 days/days; walltime: 2.9
36.5/3650.0 days/days; walltime: 3.8
73.0/3650.0 days/days; walltime: 11.6
109.5/3650.0 days/days; walltime: 23.0
146.0/3650.0 days/days; walltime: 10.9
182.5/3650.0 days/days; walltime: 6.5
219.0/3650.0 days/days; walltime: 5.9
255.5/3650.0 days/days; walltime: 3.5
292.0/3650.0 days/days; walltime: 3.0
328.5/3650.0 days/days; walltime: 3.5
365.0/3650.0 days/days; walltime: 2.3
401.5/3650.0 days/days; walltime: 1.6
438.0/3650.0 days/days; walltime: 1.3
474.5/3650.0 days/days; walltime: 1.0
511.0/3650.0 days/days; walltime: 0.7
547.5/3650.0 days/days; walltime: 0.8
584.0/3650.0 days/days; walltime: 0.7
620.5/3650.0 days/days; walltime: 0.8
657.0/3650.0 days/days; walltime: 0.9
693.5/3650.0 days/days; walltime: 0.7
730.0/3650.0 days/days; walltime: 1.2
766.5/3650.0 days/days; walltime: 0.4
803.0/3650.0 days/days; walltime: 0.3
839.5/3650.0 days/days; walltime: 0.3
876.0/3650.0 days/days; walltime: 0.3
-912.5/3650.0 days/days; walltime: 0.2
949.0/3650.0 days/days; walltime: 0.2
985.5/3650.0 days/days; walltime: 0.2
1022.0/3650.0 days/days; walltime: 0.2
1058.5/3650.0 days/days; walltime: 0.2
1095.0/3650.0 days/days; walltime: 0.2
1131.5/3650.0 days/days; walltime: 0.2
1168.0/3650.0 days/days; walltime: 0.2
1204.5/3650.0 days/days; walltime: 0.4
1241.0/3650.0 days/days; walltime: 0.3
1277.5/3650.0 days/days; walltime: 0.5
1314.0/3650.0 days/days; walltime: 0.4
1350.5/3650.0 days/days; walltime: 0.8
1387.0/3650.0 days/days; walltime: 0.1
1423.5/3650.0 days/days; walltime: 0.3
1460.0/3650.0 days/days; walltime: 0.1
1496.5/3650.0 days/days; walltime: 0.2
1533.0/3650.0 days/days; walltime: 0.2
1569.5/3650.0 days/days; walltime: 0.2
1606.0/3650.0 days/days; walltime: 0.1
1642.5/3650.0 days/days; walltime: 0.1
1679.0/3650.0 days/days; walltime: 0.2
1715.5/3650.0 days/days; walltime: 0.1
1752.0/3650.0 days/days; walltime: 0.2
1788.5/3650.0 days/days; walltime: 0.1
1825.0/3650.0 days/days; walltime: 0.1
1861.5/3650.0 days/days; walltime: 0.1
1898.0/3650.0 days/days; walltime: 0.1
1934.5/3650.0 days/days; walltime: 0.1
1971.0/3650.0 days/days; walltime: 0.1
2007.5/3650.0 days/days; walltime: 0.1
2044.0/3650.0 days/days; walltime: 0.1
2080.5/3650.0 days/days; walltime: 0.1
2117.0/3650.0 days/days; walltime: 0.5
2153.5/3650.0 days/days; walltime: 0.0
2190.0/3650.0 days/days; walltime: 0.0
2226.5/3650.0 days/days; walltime: 0.0
2263.0/3650.0 days/days; walltime: 0.1
2336.0/3650.0 days/days; walltime: 0.0
2409.0/3650.0 days/days; walltime: 0.0
2482.0/3650.0 days/days; walltime: 0.0
2555.0/3650.0 days/days; walltime: 0.1
2664.5/3650.0 days/days; walltime: 0.0
2737.5/3650.0 days/days; walltime: 0.0
2810.5/3650.0 days/days; walltime: 0.0
2920.0/3650.0 days/days; walltime: 0.1
3029.5/3650.0 days/days; walltime: 0.0
3139.0/3650.0 days/days; walltime: 0.0
3248.5/3650.0 days/days; walltime: 0.0
3358.0/3650.0 days/days; walltime: 0.1
3504.0/3650.0 days/days; walltime: 0.0
3650.0/3650.0 days/days; walltime: 0.1
Wallclock for model run: 97.2s
 
Case 7:
Picked up JAVA_TOOL_OPTIONS: -Xmx2g
Opening log file:  /tmp/java.log.24846

                                                                              < M A T L A B (R) >
                                                                    Copyright 1984-2020 The MathWorks, Inc.
                                                                    R2020b (9.9.0.1467703) 64-bit (glnxa64)
                                                                                August 26, 2020

 
To get started, type doc.
For product information, visit www.mathworks.com.
 
Running model run (ode15s):
Run with steady forcing
Saving model run to
/scratch/tghill/farming/meta/glads-farm/RUN/output_007.nc
Fields, IC & BC initialised
Initial phi calculated in 0.8s
0.0/3650.0 days/days; walltime: 2.9
36.5/3650.0 days/days; walltime: 3.8
73.0/3650.0 days/days; walltime: 12.0
109.5/3650.0 days/days; walltime: 21.4
146.0/3650.0 days/days; walltime: 9.8
182.5/3650.0 days/days; walltime: 5.8
219.0/3650.0 days/days; walltime: 5.1
255.5/3650.0 days/days; walltime: 4.6
292.0/3650.0 days/days; walltime: 2.9
328.5/3650.0 days/days; walltime: 3.3
365.0/3650.0 days/days; walltime: 1.9
401.5/3650.0 days/days; walltime: 1.9
438.0/3650.0 days/days; walltime: 1.5
474.5/3650.0 days/days; walltime: 1.1
511.0/3650.0 days/days; walltime: 1.0
547.5/3650.0 days/days; walltime: 0.8
584.0/3650.0 days/days; walltime: 0.7
620.5/3650.0 days/days; walltime: 0.6
657.0/3650.0 days/days; walltime: 1.0
693.5/3650.0 days/days; walltime: 0.3
730.0/3650.0 days/days; walltime: 0.2
766.5/3650.0 days/days; walltime: 0.2
803.0/3650.0 days/days; walltime: 0.2
839.5/3650.0 days/days; walltime: 0.2
876.0/3650.0 days/days; walltime: 0.2
912.5/3650.0 days/days; walltime: 0.2
949.0/3650.0 days/days; walltime: 0.2
985.5/3650.0 days/days; walltime: 0.1
1022.0/3650.0 days/days; walltime: 0.2
1058.5/3650.0 days/days; walltime: 0.2
1095.0/3650.0 days/days; walltime: 0.2
1131.5/3650.0 days/days; walltime: 0.8
1168.0/3650.0 days/days; walltime: 0.2
1204.5/3650.0 days/days; walltime: 0.2
1241.0/3650.0 days/days; walltime: 0.1
1277.5/3650.0 days/days; walltime: 0.1
1314.0/3650.0 days/days; walltime: 0.1
1350.5/3650.0 days/days; walltime: 0.1
1387.0/3650.0 days/days; walltime: 0.1
1423.5/3650.0 days/days; walltime: 0.1
1460.0/3650.0 days/days; walltime: 0.0
1496.5/3650.0 days/days; walltime: 0.0
1533.0/3650.0 days/days; walltime: 0.0
1569.5/3650.0 days/days; walltime: 0.1
1606.0/3650.0 days/days; walltime: 0.2
1642.5/3650.0 days/days; walltime: 0.2
1679.0/3650.0 days/days; walltime: 0.2
1715.5/3650.0 days/days; walltime: 0.2
1752.0/3650.0 days/days; walltime: 0.2
1788.5/3650.0 days/days; walltime: 0.2
---1825.0/3650.0 days/days; walltime: 0.2
1861.5/3650.0 days/days; walltime: 0.1
1898.0/3650.0 days/days; walltime: 0.6
1934.5/3650.0 days/days; walltime: 0.0
1971.0/3650.0 days/days; walltime: 0.0
2007.5/3650.0 days/days; walltime: 0.1
2044.0/3650.0 days/days; walltime: 0.0
2080.5/3650.0 days/days; walltime: 0.0
2153.5/3650.0 days/days; walltime: 0.0
2190.0/3650.0 days/days; walltime: 0.1
2263.0/3650.0 days/days; walltime: 0.0
2336.0/3650.0 days/days; walltime: 0.0
2409.0/3650.0 days/days; walltime: 0.0
2482.0/3650.0 days/days; walltime: 0.1
2555.0/3650.0 days/days; walltime: 0.0
2628.0/3650.0 days/days; walltime: 0.0
2737.5/3650.0 days/days; walltime: 0.0
2810.5/3650.0 days/days; walltime: 0.1
2920.0/3650.0 days/days; walltime: 0.0
3029.5/3650.0 days/days; walltime: 0.0
3139.0/3650.0 days/days; walltime: 0.0
3248.5/3650.0 days/days; walltime: 0.1
3358.0/3650.0 days/days; walltime: 0.0
3504.0/3650.0 days/days; walltime: 0.0
3650.0/3650.0 days/days; walltime: 0.1
Wallclock for model run: 90.9s
 
No cases left; exiting.
