Case 1:
Picked up JAVA_TOOL_OPTIONS: -Xmx2g
Opening log file:  /tmp/java.log.5103

                                                                              < M A T L A B (R) >
                                                                    Copyright 1984-2020 The MathWorks, Inc.
                                                                    R2020b (9.9.0.1467703) 64-bit (glnxa64)
                                                                                August 26, 2020

 
To get started, type doc.
For product information, visit www.mathworks.com.
 

ans =

   1.0e-03 *

    0.7727    0.2273


ans =

    1.2500    3.0000


ans =

    1.5000    2.0000

Running model run (ode15s):
Run with steady forcing
Creating output dir: /scratch/tghill/farming/meta/mixing/RUN/
Saving model run to
/scratch/tghill/farming/meta/mixing/RUN/output_001.nc
Fields, IC & BC initialised
Initial phi calculated in 0.6s
0.0/3650.0 days/days; walltime: 2.4
36.5/3650.0 days/days; walltime: 2.9
73.0/3650.0 days/days; walltime: 7.2
109.5/3650.0 days/days; walltime: 6.1
146.0/3650.0 days/days; walltime: 10.2
182.5/3650.0 days/days; walltime: 3.5
219.0/3650.0 days/days; walltime: 5.1
255.5/3650.0 days/days; walltime: 7.9
292.0/3650.0 days/days; walltime: 12.0
328.5/3650.0 days/days; walltime: 6.1
365.0/3650.0 days/days; walltime: 4.4
401.5/3650.0 days/days; walltime: 2.3
438.0/3650.0 days/days; walltime: 1.4
474.5/3650.0 days/days; walltime: 1.1
511.0/3650.0 days/days; walltime: 0.9
547.5/3650.0 days/days; walltime: 0.9
584.0/3650.0 days/days; walltime: 0.7
620.5/3650.0 days/days; walltime: 0.8
657.0/3650.0 days/days; walltime: 0.2
693.5/3650.0 days/days; walltime: 0.4
-730.0/3650.0 days/days; walltime: 0.5
766.5/3650.0 days/days; walltime: 0.3
803.0/3650.0 days/days; walltime: 0.3
839.5/3650.0 days/days; walltime: 0.3
876.0/3650.0 days/days; walltime: 0.3
912.5/3650.0 days/days; walltime: 0.2
949.0/3650.0 days/days; walltime: 0.2
985.5/3650.0 days/days; walltime: 0.2
-1022.0/3650.0 days/days; walltime: 0.2
1058.5/3650.0 days/days; walltime: 0.2
-1095.0/3650.0 days/days; walltime: 0.2
1131.5/3650.0 days/days; walltime: 0.3
1168.0/3650.0 days/days; walltime: 0.3
1204.5/3650.0 days/days; walltime: 0.2
1241.0/3650.0 days/days; walltime: 0.2
1277.5/3650.0 days/days; walltime: 0.2
1314.0/3650.0 days/days; walltime: 0.6
1350.5/3650.0 days/days; walltime: 0.1
1387.0/3650.0 days/days; walltime: 0.1
1423.5/3650.0 days/days; walltime: 0.1
1460.0/3650.0 days/days; walltime: 0.1
1496.5/3650.0 days/days; walltime: 0.1
1533.0/3650.0 days/days; walltime: 0.0
1569.5/3650.0 days/days; walltime: 0.1
-1606.0/3650.0 days/days; walltime: 0.1
1642.5/3650.0 days/days; walltime: 0.1
1679.0/3650.0 days/days; walltime: 0.1
1715.5/3650.0 days/days; walltime: 0.1
1752.0/3650.0 days/days; walltime: 0.1
1788.5/3650.0 days/days; walltime: 0.1
1825.0/3650.0 days/days; walltime: 0.2
1861.5/3650.0 days/days; walltime: 0.2
1898.0/3650.0 days/days; walltime: 0.1
1934.5/3650.0 days/days; walltime: 0.1
-1971.0/3650.0 days/days; walltime: 0.2
-2007.5/3650.0 days/days; walltime: 0.2
2044.0/3650.0 days/days; walltime: 0.2
2080.5/3650.0 days/days; walltime: 0.2
2117.0/3650.0 days/days; walltime: 0.2
2153.5/3650.0 days/days; walltime: 0.1
2190.0/3650.0 days/days; walltime: 0.1
2226.5/3650.0 days/days; walltime: 0.2
2263.0/3650.0 days/days; walltime: 0.1
2299.5/3650.0 days/days; walltime: 0.1
2336.0/3650.0 days/days; walltime: 0.1
2372.5/3650.0 days/days; walltime: 0.1
2409.0/3650.0 days/days; walltime: 0.1
2445.5/3650.0 days/days; walltime: 0.0
2482.0/3650.0 days/days; walltime: 0.1
2518.5/3650.0 days/days; walltime: 0.0
2555.0/3650.0 days/days; walltime: 0.1
2591.5/3650.0 days/days; walltime: 0.0
2628.0/3650.0 days/days; walltime: 0.0
2664.5/3650.0 days/days; walltime: 0.1
2701.0/3650.0 days/days; walltime: 0.0
2737.5/3650.0 days/days; walltime: 0.0
2774.0/3650.0 days/days; walltime: 0.1
2810.5/3650.0 days/days; walltime: 0.0
2847.0/3650.0 days/days; walltime: 0.1
2883.5/3650.0 days/days; walltime: 0.1
2920.0/3650.0 days/days; walltime: 0.0
2956.5/3650.0 days/days; walltime: 0.0
2993.0/3650.0 days/days; walltime: 0.0
3029.5/3650.0 days/days; walltime: 0.1
3066.0/3650.0 days/days; walltime: 0.1
3102.5/3650.0 days/days; walltime: 0.0
3139.0/3650.0 days/days; walltime: 0.1
3175.5/3650.0 days/days; walltime: 0.0
3212.0/3650.0 days/days; walltime: 0.0
3248.5/3650.0 days/days; walltime: 0.1
3285.0/3650.0 days/days; walltime: 0.0
3321.5/3650.0 days/days; walltime: 0.1
3358.0/3650.0 days/days; walltime: 0.0
3394.5/3650.0 days/days; walltime: 0.1
3431.0/3650.0 days/days; walltime: 0.0
3467.5/3650.0 days/days; walltime: 0.0
3504.0/3650.0 days/days; walltime: 0.1
3540.5/3650.0 days/days; walltime: 0.0
3577.0/3650.0 days/days; walltime: 0.1
3613.5/3650.0 days/days; walltime: 0.4
3650.0/3650.0 days/days; walltime: 0.0
Wallclock for model run: 89.0s
 
Case 2:
Picked up JAVA_TOOL_OPTIONS: -Xmx2g
Opening log file:  /tmp/java.log.8255

                                                                              < M A T L A B (R) >
                                                                    Copyright 1984-2020 The MathWorks, Inc.
                                                                    R2020b (9.9.0.1467703) 64-bit (glnxa64)
                                                                                August 26, 2020

 
To get started, type doc.
For product information, visit www.mathworks.com.
 

ans =

   1.0e-03 *

    0.3182    0.6818


ans =

    1.2500    3.0000


ans =

    1.5000    2.0000

Running model run (ode15s):
Run with steady forcing
Saving model run to
/scratch/tghill/farming/meta/mixing/RUN/output_002.nc
Fields, IC & BC initialised
Initial phi calculated in 0.6s
0.0/3650.0 days/days; walltime: 2.5
36.5/3650.0 days/days; walltime: 5.3
73.0/3650.0 days/days; walltime: 4.6
109.5/3650.0 days/days; walltime: 3.5
146.0/3650.0 days/days; walltime: 8.3
182.5/3650.0 days/days; walltime: 7.1
219.0/3650.0 days/days; walltime: 5.3
255.5/3650.0 days/days; walltime: 6.9
292.0/3650.0 days/days; walltime: 9.2
328.5/3650.0 days/days; walltime: 7.8
365.0/3650.0 days/days; walltime: 3.4
401.5/3650.0 days/days; walltime: 2.0
438.0/3650.0 days/days; walltime: 1.5
474.5/3650.0 days/days; walltime: 1.1
511.0/3650.0 days/days; walltime: 1.1
547.5/3650.0 days/days; walltime: 0.9
584.0/3650.0 days/days; walltime: 0.9
620.5/3650.0 days/days; walltime: 0.7
657.0/3650.0 days/days; walltime: 0.5
693.5/3650.0 days/days; walltime: 0.5
730.0/3650.0 days/days; walltime: 0.5
766.5/3650.0 days/days; walltime: 0.4
803.0/3650.0 days/days; walltime: 0.5
839.5/3650.0 days/days; walltime: 0.3
876.0/3650.0 days/days; walltime: 0.3
912.5/3650.0 days/days; walltime: 0.3
-949.0/3650.0 days/days; walltime: 0.2
985.5/3650.0 days/days; walltime: 0.3
1022.0/3650.0 days/days; walltime: 0.2
1058.5/3650.0 days/days; walltime: 0.5
1095.0/3650.0 days/days; walltime: 0.1
1131.5/3650.0 days/days; walltime: 0.1
1168.0/3650.0 days/days; walltime: 0.2
1204.5/3650.0 days/days; walltime: 0.2
1241.0/3650.0 days/days; walltime: 0.2
1277.5/3650.0 days/days; walltime: 0.1
1314.0/3650.0 days/days; walltime: 0.3
1350.5/3650.0 days/days; walltime: 0.2
1387.0/3650.0 days/days; walltime: 0.3
1423.5/3650.0 days/days; walltime: 0.2
-1460.0/3650.0 days/days; walltime: 0.2
1496.5/3650.0 days/days; walltime: 0.2
1533.0/3650.0 days/days; walltime: 0.2
1569.5/3650.0 days/days; walltime: 0.2
1606.0/3650.0 days/days; walltime: 0.2
1642.5/3650.0 days/days; walltime: 0.1
1679.0/3650.0 days/days; walltime: 0.2
1715.5/3650.0 days/days; walltime: 0.1
1752.0/3650.0 days/days; walltime: 0.1
1788.5/3650.0 days/days; walltime: 0.1
1825.0/3650.0 days/days; walltime: 0.1
1861.5/3650.0 days/days; walltime: 0.1
1898.0/3650.0 days/days; walltime: 0.0
1934.5/3650.0 days/days; walltime: 0.1
1971.0/3650.0 days/days; walltime: 0.0
2007.5/3650.0 days/days; walltime: 0.1
2044.0/3650.0 days/days; walltime: 0.0
2080.5/3650.0 days/days; walltime: 0.1
2117.0/3650.0 days/days; walltime: 0.1
2153.5/3650.0 days/days; walltime: 0.4
2190.0/3650.0 days/days; walltime: 0.1
2226.5/3650.0 days/days; walltime: 0.1
2263.0/3650.0 days/days; walltime: 0.1
2299.5/3650.0 days/days; walltime: 0.0
2336.0/3650.0 days/days; walltime: 0.1
2372.5/3650.0 days/days; walltime: 0.0
2409.0/3650.0 days/days; walltime: 0.1
2445.5/3650.0 days/days; walltime: 0.1
2482.0/3650.0 days/days; walltime: 0.1
2518.5/3650.0 days/days; walltime: 0.0
2555.0/3650.0 days/days; walltime: 0.1
2591.5/3650.0 days/days; walltime: 0.1
2628.0/3650.0 days/days; walltime: 0.1
2664.5/3650.0 days/days; walltime: 0.1
2701.0/3650.0 days/days; walltime: 0.4
2737.5/3650.0 days/days; walltime: 0.1
2774.0/3650.0 days/days; walltime: 0.0
2810.5/3650.0 days/days; walltime: 0.0
2847.0/3650.0 days/days; walltime: 0.0
2883.5/3650.0 days/days; walltime: 0.0
2920.0/3650.0 days/days; walltime: 0.1
2956.5/3650.0 days/days; walltime: 0.0
2993.0/3650.0 days/days; walltime: 0.0
3029.5/3650.0 days/days; walltime: 0.0
3066.0/3650.0 days/days; walltime: 0.1
3102.5/3650.0 days/days; walltime: 0.0
3139.0/3650.0 days/days; walltime: 0.1
3175.5/3650.0 days/days; walltime: 0.1
3212.0/3650.0 days/days; walltime: 0.1
3248.5/3650.0 days/days; walltime: 0.4
3285.0/3650.0 days/days; walltime: 0.1
3321.5/3650.0 days/days; walltime: 0.0
3358.0/3650.0 days/days; walltime: 0.0
3394.5/3650.0 days/days; walltime: 0.1
3431.0/3650.0 days/days; walltime: 0.0
3467.5/3650.0 days/days; walltime: 0.0
3504.0/3650.0 days/days; walltime: 0.0
3540.5/3650.0 days/days; walltime: 0.0
3577.0/3650.0 days/days; walltime: 0.0
3613.5/3650.0 days/days; walltime: 0.0
3650.0/3650.0 days/days; walltime: 0.0
Wallclock for model run: 85.7s
 
Case 3:
Picked up JAVA_TOOL_OPTIONS: -Xmx2g
Opening log file:  /tmp/java.log.10528

                                                                              < M A T L A B (R) >
                                                                    Copyright 1984-2020 The MathWorks, Inc.
                                                                    R2020b (9.9.0.1467703) 64-bit (glnxa64)
                                                                                August 26, 2020

 
To get started, type doc.
For product information, visit www.mathworks.com.
 

ans =

   1.0e-03 *

    0.0455    0.9545


ans =

    1.2500    3.0000


ans =

    1.5000    2.0000

Running model run (ode15s):
Run with steady forcing
Saving model run to
/scratch/tghill/farming/meta/mixing/RUN/output_003.nc
Fields, IC & BC initialised
Initial phi calculated in 0.6s
0.0/3650.0 days/days; walltime: 2.3
36.5/3650.0 days/days; walltime: 7.6
73.0/3650.0 days/days; walltime: 2.4
109.5/3650.0 days/days; walltime: 2.9
146.0/3650.0 days/days; walltime: 5.1
182.5/3650.0 days/days; walltime: 10.0
219.0/3650.0 days/days; walltime: 4.6
255.5/3650.0 days/days; walltime: 6.2
292.0/3650.0 days/days; walltime: 8.6
328.5/3650.0 days/days; walltime: 7.4
365.0/3650.0 days/days; walltime: 3.5
401.5/3650.0 days/days; walltime: 2.0
438.0/3650.0 days/days; walltime: 1.5
474.5/3650.0 days/days; walltime: 1.1
511.0/3650.0 days/days; walltime: 1.3
547.5/3650.0 days/days; walltime: 0.8
584.0/3650.0 days/days; walltime: 0.8
620.5/3650.0 days/days; walltime: 0.8
657.0/3650.0 days/days; walltime: 0.5
693.5/3650.0 days/days; walltime: 0.6
730.0/3650.0 days/days; walltime: 0.6
766.5/3650.0 days/days; walltime: 0.4
803.0/3650.0 days/days; walltime: 0.4
839.5/3650.0 days/days; walltime: 0.3
876.0/3650.0 days/days; walltime: 0.3
912.5/3650.0 days/days; walltime: 0.3
949.0/3650.0 days/days; walltime: 0.3
985.5/3650.0 days/days; walltime: 0.3
1022.0/3650.0 days/days; walltime: 0.6
1058.5/3650.0 days/days; walltime: 0.2
1095.0/3650.0 days/days; walltime: 0.3
1131.5/3650.0 days/days; walltime: 0.3
1168.0/3650.0 days/days; walltime: 0.3
1204.5/3650.0 days/days; walltime: 0.2
1241.0/3650.0 days/days; walltime: 0.2
1277.5/3650.0 days/days; walltime: 0.2
1314.0/3650.0 days/days; walltime: 0.2
1350.5/3650.0 days/days; walltime: 0.2
1387.0/3650.0 days/days; walltime: 0.1
1423.5/3650.0 days/days; walltime: 0.1
1460.0/3650.0 days/days; walltime: 0.2
1496.5/3650.0 days/days; walltime: 0.2
1533.0/3650.0 days/days; walltime: 0.2
1569.5/3650.0 days/days; walltime: 0.2
1606.0/3650.0 days/days; walltime: 0.2
1642.5/3650.0 days/days; walltime: 0.1
1679.0/3650.0 days/days; walltime: 0.1
1715.5/3650.0 days/days; walltime: 0.2
1752.0/3650.0 days/days; walltime: 0.1
1788.5/3650.0 days/days; walltime: 0.1
1825.0/3650.0 days/days; walltime: 0.1
1861.5/3650.0 days/days; walltime: 0.1
1898.0/3650.0 days/days; walltime: 0.1
1934.5/3650.0 days/days; walltime: 0.0
1971.0/3650.0 days/days; walltime: 0.1
2007.5/3650.0 days/days; walltime: 0.0
2044.0/3650.0 days/days; walltime: 0.1
2080.5/3650.0 days/days; walltime: 0.1
2117.0/3650.0 days/days; walltime: 0.0
2153.5/3650.0 days/days; walltime: 0.1
2190.0/3650.0 days/days; walltime: 0.0
2226.5/3650.0 days/days; walltime: 0.0
2263.0/3650.0 days/days; walltime: 0.4
2299.5/3650.0 days/days; walltime: 0.0
2336.0/3650.0 days/days; walltime: 0.0
2372.5/3650.0 days/days; walltime: 0.1
2409.0/3650.0 days/days; walltime: 0.0
2445.5/3650.0 days/days; walltime: 0.0
2482.0/3650.0 days/days; walltime: 0.0
2518.5/3650.0 days/days; walltime: 0.0
2555.0/3650.0 days/days; walltime: 0.1
2591.5/3650.0 days/days; walltime: 0.0
2628.0/3650.0 days/days; walltime: 0.0
2664.5/3650.0 days/days; walltime: 0.0
2701.0/3650.0 days/days; walltime: 0.1
2737.5/3650.0 days/days; walltime: 0.0
2774.0/3650.0 days/days; walltime: 0.1
2810.5/3650.0 days/days; walltime: 0.0
2847.0/3650.0 days/days; walltime: 0.1
2883.5/3650.0 days/days; walltime: 0.0
2920.0/3650.0 days/days; walltime: 0.1
2956.5/3650.0 days/days; walltime: 0.0
2993.0/3650.0 days/days; walltime: 0.1
3029.5/3650.0 days/days; walltime: 0.1
3066.0/3650.0 days/days; walltime: 0.4
3102.5/3650.0 days/days; walltime: 0.0
3139.0/3650.0 days/days; walltime: 0.0
3175.5/3650.0 days/days; walltime: 0.1
3248.5/3650.0 days/days; walltime: 0.0
3285.0/3650.0 days/days; walltime: 0.0
3321.5/3650.0 days/days; walltime: 0.0
3358.0/3650.0 days/days; walltime: 0.0
3431.0/3650.0 days/days; walltime: 0.0
3504.0/3650.0 days/days; walltime: 0.0
3577.0/3650.0 days/days; walltime: 0.0
3613.5/3650.0 days/days; walltime: 0.0
Wallclock for model run: 81.9s
 
Case 4:
Picked up JAVA_TOOL_OPTIONS: -Xmx2g
Opening log file:  /tmp/java.log.16829

                                                                              < M A T L A B (R) >
                                                                    Copyright 1984-2020 The MathWorks, Inc.
                                                                    R2020b (9.9.0.1467703) 64-bit (glnxa64)
                                                                                August 26, 2020

 
To get started, type doc.
For product information, visit www.mathworks.com.
 

ans =

   1.0e-03 *

    0.9545    0.0455


ans =

    1.2500    3.0000


ans =

    1.5000    2.0000

Running model run (ode15s):
Run with steady forcing
Saving model run to
/scratch/tghill/farming/meta/mixing/RUN/output_004.nc
Fields, IC & BC initialised
Initial phi calculated in 0.6s
0.0/3650.0 days/days; walltime: 2.3
36.5/3650.0 days/days; walltime: 3.0
73.0/3650.0 days/days; walltime: 9.2
109.5/3650.0 days/days; walltime: 10.3
146.0/3650.0 days/days; walltime: 7.2
182.5/3650.0 days/days; walltime: 3.3
219.0/3650.0 days/days; walltime: 5.4
255.5/3650.0 days/days; walltime: 10.3
292.0/3650.0 days/days; walltime: 7.0
328.5/3650.0 days/days; walltime: 6.6
365.0/3650.0 days/days; walltime: 5.5
401.5/3650.0 days/days; walltime: 2.5
438.0/3650.0 days/days; walltime: 1.6
474.5/3650.0 days/days; walltime: 1.0
511.0/3650.0 days/days; walltime: 1.0
-547.5/3650.0 days/days; walltime: 0.8
584.0/3650.0 days/days; walltime: 1.0
620.5/3650.0 days/days; walltime: 0.4
657.0/3650.0 days/days; walltime: 0.3
693.5/3650.0 days/days; walltime: 0.3
730.0/3650.0 days/days; walltime: 0.3
766.5/3650.0 days/days; walltime: 0.3
803.0/3650.0 days/days; walltime: 0.3
839.5/3650.0 days/days; walltime: 0.3
876.0/3650.0 days/days; walltime: 0.3
912.5/3650.0 days/days; walltime: 0.2
949.0/3650.0 days/days; walltime: 0.2
-985.5/3650.0 days/days; walltime: 0.2
1022.0/3650.0 days/days; walltime: 0.2
1058.5/3650.0 days/days; walltime: 0.2
-1095.0/3650.0 days/days; walltime: 0.2
1131.5/3650.0 days/days; walltime: 0.1
1168.0/3650.0 days/days; walltime: 0.2
1204.5/3650.0 days/days; walltime: 0.1
1241.0/3650.0 days/days; walltime: 0.1
1277.5/3650.0 days/days; walltime: 0.1
1314.0/3650.0 days/days; walltime: 0.1
1350.5/3650.0 days/days; walltime: 0.5
1387.0/3650.0 days/days; walltime: 0.0
1423.5/3650.0 days/days; walltime: 0.1
1460.0/3650.0 days/days; walltime: 0.1
1496.5/3650.0 days/days; walltime: 0.1
1533.0/3650.0 days/days; walltime: 0.1
1569.5/3650.0 days/days; walltime: 0.1
1606.0/3650.0 days/days; walltime: 0.1
1642.5/3650.0 days/days; walltime: 0.1
1679.0/3650.0 days/days; walltime: 0.0
1715.5/3650.0 days/days; walltime: 0.1
1752.0/3650.0 days/days; walltime: 0.0
1788.5/3650.0 days/days; walltime: 0.0
1825.0/3650.0 days/days; walltime: 0.1
1861.5/3650.0 days/days; walltime: 0.0
1898.0/3650.0 days/days; walltime: 0.0
1934.5/3650.0 days/days; walltime: 0.1
1971.0/3650.0 days/days; walltime: 0.1
2007.5/3650.0 days/days; walltime: 0.1
2044.0/3650.0 days/days; walltime: 0.0
2080.5/3650.0 days/days; walltime: 0.1
2117.0/3650.0 days/days; walltime: 0.1
2153.5/3650.0 days/days; walltime: 0.0
2190.0/3650.0 days/days; walltime: 0.1
2226.5/3650.0 days/days; walltime: 0.1
2263.0/3650.0 days/days; walltime: 0.1
2299.5/3650.0 days/days; walltime: 0.1
2336.0/3650.0 days/days; walltime: 0.4
--2372.5/3650.0 days/days; walltime: 0.0
2409.0/3650.0 days/days; walltime: 0.0
2445.5/3650.0 days/days; walltime: 0.1
--2482.0/3650.0 days/days; walltime: 0.0
2518.5/3650.0 days/days; walltime: 0.1
2555.0/3650.0 days/days; walltime: 0.1
2591.5/3650.0 days/days; walltime: 0.1
2628.0/3650.0 days/days; walltime: 0.0
2664.5/3650.0 days/days; walltime: 0.0
2701.0/3650.0 days/days; walltime: 0.1
2737.5/3650.0 days/days; walltime: 0.1
2774.0/3650.0 days/days; walltime: 0.1
2810.5/3650.0 days/days; walltime: 0.0
2847.0/3650.0 days/days; walltime: 0.1
2883.5/3650.0 days/days; walltime: 0.1
2920.0/3650.0 days/days; walltime: 0.0
2956.5/3650.0 days/days; walltime: 0.1
2993.0/3650.0 days/days; walltime: 0.1
3029.5/3650.0 days/days; walltime: 0.4
3066.0/3650.0 days/days; walltime: 0.0
3102.5/3650.0 days/days; walltime: 0.1
3139.0/3650.0 days/days; walltime: 0.0
3175.5/3650.0 days/days; walltime: 0.0
3212.0/3650.0 days/days; walltime: 0.0
3248.5/3650.0 days/days; walltime: 0.1
3285.0/3650.0 days/days; walltime: 0.0
3321.5/3650.0 days/days; walltime: 0.1
3358.0/3650.0 days/days; walltime: 0.1
3394.5/3650.0 days/days; walltime: 0.0
3431.0/3650.0 days/days; walltime: 0.1
3467.5/3650.0 days/days; walltime: 0.1
3504.0/3650.0 days/days; walltime: 0.1
3540.5/3650.0 days/days; walltime: 0.1
3577.0/3650.0 days/days; walltime: 0.1
3613.5/3650.0 days/days; walltime: 0.1
3650.0/3650.0 days/days; walltime: 0.0
Wallclock for model run: 88.9s
 
Case 5:
Picked up JAVA_TOOL_OPTIONS: -Xmx2g
Opening log file:  /tmp/java.log.4283

                                                                              < M A T L A B (R) >
                                                                    Copyright 1984-2020 The MathWorks, Inc.
                                                                    R2020b (9.9.0.1467703) 64-bit (glnxa64)
                                                                                August 26, 2020

 
To get started, type doc.
For product information, visit www.mathworks.com.
 

ans =

   1.0e-03 *

    0.1364    0.8636


ans =

    1.2500    3.0000


ans =

    1.5000    2.0000

Running model run (ode15s):
Run with steady forcing
Saving model run to
/scratch/tghill/farming/meta/mixing/RUN/output_005.nc
Fields, IC & BC initialised
Initial phi calculated in 0.5s
0.0/3650.0 days/days; walltime: 2.3
36.5/3650.0 days/days; walltime: 6.1
73.0/3650.0 days/days; walltime: 3.2
109.5/3650.0 days/days; walltime: 3.1
146.0/3650.0 days/days; walltime: 6.5
182.5/3650.0 days/days; walltime: 9.2
219.0/3650.0 days/days; walltime: 5.0
255.5/3650.0 days/days; walltime: 6.7
292.0/3650.0 days/days; walltime: 8.6
328.5/3650.0 days/days; walltime: 7.7
365.0/3650.0 days/days; walltime: 3.6
401.5/3650.0 days/days; walltime: 2.3
438.0/3650.0 days/days; walltime: 1.6
474.5/3650.0 days/days; walltime: 1.1
511.0/3650.0 days/days; walltime: 0.9
547.5/3650.0 days/days; walltime: 1.2
584.0/3650.0 days/days; walltime: 0.7
620.5/3650.0 days/days; walltime: 0.7
657.0/3650.0 days/days; walltime: 0.6
693.5/3650.0 days/days; walltime: 0.6
730.0/3650.0 days/days; walltime: 0.6
766.5/3650.0 days/days; walltime: 0.5
803.0/3650.0 days/days; walltime: 0.5
839.5/3650.0 days/days; walltime: 0.4
876.0/3650.0 days/days; walltime: 0.3
912.5/3650.0 days/days; walltime: 0.3
949.0/3650.0 days/days; walltime: 0.2
985.5/3650.0 days/days; walltime: 0.2
1022.0/3650.0 days/days; walltime: 0.3
1058.5/3650.0 days/days; walltime: 0.3
1095.0/3650.0 days/days; walltime: 0.3
1131.5/3650.0 days/days; walltime: 0.2
1168.0/3650.0 days/days; walltime: 0.5
1204.5/3650.0 days/days; walltime: 0.1
1241.0/3650.0 days/days; walltime: 0.3
1277.5/3650.0 days/days; walltime: 0.3
1314.0/3650.0 days/days; walltime: 0.2
1350.5/3650.0 days/days; walltime: 0.2
1387.0/3650.0 days/days; walltime: 0.2
1423.5/3650.0 days/days; walltime: 0.2
1460.0/3650.0 days/days; walltime: 0.2
1496.5/3650.0 days/days; walltime: 0.1
1533.0/3650.0 days/days; walltime: 0.2
1569.5/3650.0 days/days; walltime: 0.1
1606.0/3650.0 days/days; walltime: 0.1
1642.5/3650.0 days/days; walltime: 0.1
1679.0/3650.0 days/days; walltime: 0.1
1715.5/3650.0 days/days; walltime: 0.1
1752.0/3650.0 days/days; walltime: 0.0
1788.5/3650.0 days/days; walltime: 0.1
1825.0/3650.0 days/days; walltime: 0.0
-1861.5/3650.0 days/days; walltime: 0.1
1898.0/3650.0 days/days; walltime: 0.0
1934.5/3650.0 days/days; walltime: 0.1
1971.0/3650.0 days/days; walltime: 0.0
2007.5/3650.0 days/days; walltime: 0.0
2044.0/3650.0 days/days; walltime: 0.0
2080.5/3650.0 days/days; walltime: 0.0
2117.0/3650.0 days/days; walltime: 0.0
2153.5/3650.0 days/days; walltime: 0.0
2190.0/3650.0 days/days; walltime: 0.0
2226.5/3650.0 days/days; walltime: 0.0
2263.0/3650.0 days/days; walltime: 0.1
2299.5/3650.0 days/days; walltime: 0.1
2336.0/3650.0 days/days; walltime: 0.0
2372.5/3650.0 days/days; walltime: 0.0
2409.0/3650.0 days/days; walltime: 0.1
2445.5/3650.0 days/days; walltime: 0.0
2482.0/3650.0 days/days; walltime: 0.0
2518.5/3650.0 days/days; walltime: 0.1
2555.0/3650.0 days/days; walltime: 0.1
2591.5/3650.0 days/days; walltime: 0.4
2628.0/3650.0 days/days; walltime: 0.1
2664.5/3650.0 days/days; walltime: 0.0
2701.0/3650.0 days/days; walltime: 0.0
2737.5/3650.0 days/days; walltime: 0.0
2774.0/3650.0 days/days; walltime: 0.1
2810.5/3650.0 days/days; walltime: 0.1
2847.0/3650.0 days/days; walltime: 0.0
2883.5/3650.0 days/days; walltime: 0.0
2920.0/3650.0 days/days; walltime: 0.0
2956.5/3650.0 days/days; walltime: 0.1
2993.0/3650.0 days/days; walltime: 0.0
3029.5/3650.0 days/days; walltime: 0.1
3066.0/3650.0 days/days; walltime: 0.0
3102.5/3650.0 days/days; walltime: 0.0
3139.0/3650.0 days/days; walltime: 0.0
3175.5/3650.0 days/days; walltime: 0.1
3212.0/3650.0 days/days; walltime: 0.0
3248.5/3650.0 days/days; walltime: 0.0
3285.0/3650.0 days/days; walltime: 0.0
3321.5/3650.0 days/days; walltime: 0.0
3358.0/3650.0 days/days; walltime: 0.1
3394.5/3650.0 days/days; walltime: 0.0
3431.0/3650.0 days/days; walltime: 0.1
3467.5/3650.0 days/days; walltime: 0.0
3504.0/3650.0 days/days; walltime: 0.1
3540.5/3650.0 days/days; walltime: 0.4
3577.0/3650.0 days/days; walltime: 0.0
3613.5/3650.0 days/days; walltime: 0.0
3650.0/3650.0 days/days; walltime: 0.0
Wallclock for model run: 83.7s
 
Case 6:
Picked up JAVA_TOOL_OPTIONS: -Xmx2g
Opening log file:  /tmp/java.log.9151

                                                                              < M A T L A B (R) >
                                                                    Copyright 1984-2020 The MathWorks, Inc.
                                                                    R2020b (9.9.0.1467703) 64-bit (glnxa64)
                                                                                August 26, 2020

 
To get started, type doc.
For product information, visit www.mathworks.com.
 

ans =

   1.0e-03 *

    0.8636    0.1364


ans =

    1.2500    3.0000


ans =

    1.5000    2.0000

Running model run (ode15s):
Run with steady forcing
Saving model run to
/scratch/tghill/farming/meta/mixing/RUN/output_006.nc
Fields, IC & BC initialised
Initial phi calculated in 0.6s
0.0/3650.0 days/days; walltime: 2.5
36.5/3650.0 days/days; walltime: 3.0
73.0/3650.0 days/days; walltime: 8.4
109.5/3650.0 days/days; walltime: 8.4
146.0/3650.0 days/days; walltime: 9.1
182.5/3650.0 days/days; walltime: 3.5
219.0/3650.0 days/days; walltime: 5.4
255.5/3650.0 days/days; walltime: 13.1
292.0/3650.0 days/days; walltime: 8.8
328.5/3650.0 days/days; walltime: 6.3
365.0/3650.0 days/days; walltime: 5.1
401.5/3650.0 days/days; walltime: 2.3
438.0/3650.0 days/days; walltime: 1.6
474.5/3650.0 days/days; walltime: 1.1
511.0/3650.0 days/days; walltime: 1.0
547.5/3650.0 days/days; walltime: 0.8
584.0/3650.0 days/days; walltime: 0.7
-620.5/3650.0 days/days; walltime: 0.8
657.0/3650.0 days/days; walltime: 0.3
693.5/3650.0 days/days; walltime: 0.2
730.0/3650.0 days/days; walltime: 0.5
766.5/3650.0 days/days; walltime: 0.3
803.0/3650.0 days/days; walltime: 0.3
839.5/3650.0 days/days; walltime: 0.3
--876.0/3650.0 days/days; walltime: 0.3
912.5/3650.0 days/days; walltime: 0.3
------949.0/3650.0 days/days; walltime: 0.3
985.5/3650.0 days/days; walltime: 0.2
1022.0/3650.0 days/days; walltime: 0.2
1058.5/3650.0 days/days; walltime: 0.2
1095.0/3650.0 days/days; walltime: 0.2
1131.5/3650.0 days/days; walltime: 0.2
1168.0/3650.0 days/days; walltime: 0.1
1204.5/3650.0 days/days; walltime: 0.1
1241.0/3650.0 days/days; walltime: 0.1
1277.5/3650.0 days/days; walltime: 0.1
1314.0/3650.0 days/days; walltime: 0.1
-1350.5/3650.0 days/days; walltime: 0.5
1387.0/3650.0 days/days; walltime: 0.1
1423.5/3650.0 days/days; walltime: 0.1
1460.0/3650.0 days/days; walltime: 0.2
-1496.5/3650.0 days/days; walltime: 0.2
-1533.0/3650.0 days/days; walltime: 0.2
1569.5/3650.0 days/days; walltime: 0.3
1606.0/3650.0 days/days; walltime: 0.3
1642.5/3650.0 days/days; walltime: 0.3
1679.0/3650.0 days/days; walltime: 0.2
1715.5/3650.0 days/days; walltime: 0.2
1752.0/3650.0 days/days; walltime: 0.2
1788.5/3650.0 days/days; walltime: 0.2
1825.0/3650.0 days/days; walltime: 0.2
1861.5/3650.0 days/days; walltime: 0.1
1898.0/3650.0 days/days; walltime: 0.1
1934.5/3650.0 days/days; walltime: 0.1
1971.0/3650.0 days/days; walltime: 0.1
2007.5/3650.0 days/days; walltime: 0.1
2044.0/3650.0 days/days; walltime: 0.1
2080.5/3650.0 days/days; walltime: 0.1
2117.0/3650.0 days/days; walltime: 0.4
2153.5/3650.0 days/days; walltime: 0.0
2190.0/3650.0 days/days; walltime: 0.1
2226.5/3650.0 days/days; walltime: 0.0
2263.0/3650.0 days/days; walltime: 0.0
2299.5/3650.0 days/days; walltime: 0.1
2336.0/3650.0 days/days; walltime: 0.0
2372.5/3650.0 days/days; walltime: 0.1
2409.0/3650.0 days/days; walltime: 0.0
2445.5/3650.0 days/days; walltime: 0.0
2482.0/3650.0 days/days; walltime: 0.1
2518.5/3650.0 days/days; walltime: 0.0
2555.0/3650.0 days/days; walltime: 0.0
2591.5/3650.0 days/days; walltime: 0.0
2628.0/3650.0 days/days; walltime: 0.0
2664.5/3650.0 days/days; walltime: 0.0
2701.0/3650.0 days/days; walltime: 0.0
2737.5/3650.0 days/days; walltime: 0.0
2774.0/3650.0 days/days; walltime: 0.0
2810.5/3650.0 days/days; walltime: 0.0
2847.0/3650.0 days/days; walltime: 0.0
2883.5/3650.0 days/days; walltime: 0.0
2920.0/3650.0 days/days; walltime: 0.0
2956.5/3650.0 days/days; walltime: 0.0
2993.0/3650.0 days/days; walltime: 0.0
3029.5/3650.0 days/days; walltime: 0.0
3102.5/3650.0 days/days; walltime: 0.0
3139.0/3650.0 days/days; walltime: 0.0
3175.5/3650.0 days/days; walltime: 0.0
3212.0/3650.0 days/days; walltime: 0.0
3248.5/3650.0 days/days; walltime: 0.0
3285.0/3650.0 days/days; walltime: 0.0
3321.5/3650.0 days/days; walltime: 0.0
3358.0/3650.0 days/days; walltime: 0.0
3394.5/3650.0 days/days; walltime: 0.0
3467.5/3650.0 days/days; walltime: 0.0
3504.0/3650.0 days/days; walltime: 0.0
3577.0/3650.0 days/days; walltime: 0.0
3613.5/3650.0 days/days; walltime: 0.0
Wallclock for model run: 92.7s
 
Case 7:
Picked up JAVA_TOOL_OPTIONS: -Xmx2g
Opening log file:  /tmp/java.log.16070

                                                                              < M A T L A B (R) >
                                                                    Copyright 1984-2020 The MathWorks, Inc.
                                                                    R2020b (9.9.0.1467703) 64-bit (glnxa64)
                                                                                August 26, 2020

 
To get started, type doc.
For product information, visit www.mathworks.com.
 

ans =

   1.0e-03 *

    0.5909    0.4091


ans =

    1.2500    3.0000


ans =

    1.5000    2.0000

Running model run (ode15s):
Run with steady forcing
Saving model run to
/scratch/tghill/farming/meta/mixing/RUN/output_007.nc
Fields, IC & BC initialised
Initial phi calculated in 0.6s
0.0/3650.0 days/days; walltime: 2.4
36.5/3650.0 days/days; walltime: 6.0
73.0/3650.0 days/days; walltime: 4.3
109.5/3650.0 days/days; walltime: 4.2
146.0/3650.0 days/days; walltime: 12.5
182.5/3650.0 days/days; walltime: 3.9
219.0/3650.0 days/days; walltime: 5.8
255.5/3650.0 days/days; walltime: 7.2
292.0/3650.0 days/days; walltime: 12.2
328.5/3650.0 days/days; walltime: 7.6
365.0/3650.0 days/days; walltime: 4.0
401.5/3650.0 days/days; walltime: 2.1
438.0/3650.0 days/days; walltime: 1.7
474.5/3650.0 days/days; walltime: 1.1
511.0/3650.0 days/days; walltime: 1.1
547.5/3650.0 days/days; walltime: 0.9
584.0/3650.0 days/days; walltime: 0.8
620.5/3650.0 days/days; walltime: 0.5
657.0/3650.0 days/days; walltime: 0.6
693.5/3650.0 days/days; walltime: 0.5
730.0/3650.0 days/days; walltime: 0.7
766.5/3650.0 days/days; walltime: 0.2
803.0/3650.0 days/days; walltime: 0.4
839.5/3650.0 days/days; walltime: 0.3
876.0/3650.0 days/days; walltime: 0.4
912.5/3650.0 days/days; walltime: 0.4
949.0/3650.0 days/days; walltime: 0.4
985.5/3650.0 days/days; walltime: 0.3
1022.0/3650.0 days/days; walltime: 0.3
1058.5/3650.0 days/days; walltime: 0.3
1095.0/3650.0 days/days; walltime: 0.3
1131.5/3650.0 days/days; walltime: 0.3
1168.0/3650.0 days/days; walltime: 0.2
1204.5/3650.0 days/days; walltime: 0.3
1241.0/3650.0 days/days; walltime: 0.2
1277.5/3650.0 days/days; walltime: 0.2
1314.0/3650.0 days/days; walltime: 0.1
1350.5/3650.0 days/days; walltime: 0.1
1387.0/3650.0 days/days; walltime: 0.1
1423.5/3650.0 days/days; walltime: 0.1
1460.0/3650.0 days/days; walltime: 0.0
1496.5/3650.0 days/days; walltime: 0.5
1533.0/3650.0 days/days; walltime: 0.1
1569.5/3650.0 days/days; walltime: 0.0
1606.0/3650.0 days/days; walltime: 0.1
1642.5/3650.0 days/days; walltime: 0.1
1679.0/3650.0 days/days; walltime: 0.1
1715.5/3650.0 days/days; walltime: 0.1
1752.0/3650.0 days/days; walltime: 0.0
1788.5/3650.0 days/days; walltime: 0.1
1825.0/3650.0 days/days; walltime: 0.1
1861.5/3650.0 days/days; walltime: 0.0
1898.0/3650.0 days/days; walltime: 0.1
1934.5/3650.0 days/days; walltime: 0.1
1971.0/3650.0 days/days; walltime: 0.1
2007.5/3650.0 days/days; walltime: 0.1
2044.0/3650.0 days/days; walltime: 0.1
2080.5/3650.0 days/days; walltime: 0.1
2117.0/3650.0 days/days; walltime: 0.1
2153.5/3650.0 days/days; walltime: 0.1
2190.0/3650.0 days/days; walltime: 0.4
2226.5/3650.0 days/days; walltime: 0.0
2263.0/3650.0 days/days; walltime: 0.1
2299.5/3650.0 days/days; walltime: 0.1
2336.0/3650.0 days/days; walltime: 0.0
2372.5/3650.0 days/days; walltime: 0.0
2409.0/3650.0 days/days; walltime: 0.1
2445.5/3650.0 days/days; walltime: 0.0
2482.0/3650.0 days/days; walltime: 0.1
2518.5/3650.0 days/days; walltime: 0.0
2555.0/3650.0 days/days; walltime: 0.0
2591.5/3650.0 days/days; walltime: 0.1
2628.0/3650.0 days/days; walltime: 0.0
2664.5/3650.0 days/days; walltime: 0.0
2701.0/3650.0 days/days; walltime: 0.0
2737.5/3650.0 days/days; walltime: 0.0
2774.0/3650.0 days/days; walltime: 0.1
2810.5/3650.0 days/days; walltime: 0.0
2847.0/3650.0 days/days; walltime: 0.1
2883.5/3650.0 days/days; walltime: 0.0
2920.0/3650.0 days/days; walltime: 0.0
2956.5/3650.0 days/days; walltime: 0.0
2993.0/3650.0 days/days; walltime: 0.1
3029.5/3650.0 days/days; walltime: 0.0
3066.0/3650.0 days/days; walltime: 0.0
3102.5/3650.0 days/days; walltime: 0.0
3139.0/3650.0 days/days; walltime: 0.0
3175.5/3650.0 days/days; walltime: 0.0
3212.0/3650.0 days/days; walltime: 0.0
3248.5/3650.0 days/days; walltime: 0.1
3285.0/3650.0 days/days; walltime: 0.1
3321.5/3650.0 days/days; walltime: 0.1
3358.0/3650.0 days/days; walltime: 0.0
3394.5/3650.0 days/days; walltime: 0.1
3431.0/3650.0 days/days; walltime: 0.0
3467.5/3650.0 days/days; walltime: 0.0
3504.0/3650.0 days/days; walltime: 0.1
3540.5/3650.0 days/days; walltime: 0.1
3577.0/3650.0 days/days; walltime: 0.0
3613.5/3650.0 days/days; walltime: 0.1
3650.0/3650.0 days/days; walltime: 0.0
Wallclock for model run: 90.7s
 
Case 8:
Picked up JAVA_TOOL_OPTIONS: -Xmx2g
Opening log file:  /tmp/java.log.19520

                                                                              < M A T L A B (R) >
                                                                    Copyright 1984-2020 The MathWorks, Inc.
                                                                    R2020b (9.9.0.1467703) 64-bit (glnxa64)
                                                                                August 26, 2020

 
To get started, type doc.
For product information, visit www.mathworks.com.
 

ans =

   1.0e-03 *

    0.2273    0.7727


ans =

    1.2500    3.0000


ans =

    1.5000    2.0000

Running model run (ode15s):
Run with steady forcing
Saving model run to
/scratch/tghill/farming/meta/mixing/RUN/output_008.nc
Fields, IC & BC initialised
Initial phi calculated in 0.6s
0.0/3650.0 days/days; walltime: 2.4
36.5/3650.0 days/days; walltime: 6.7
73.0/3650.0 days/days; walltime: 3.4
109.5/3650.0 days/days; walltime: 3.2
146.0/3650.0 days/days; walltime: 6.5
182.5/3650.0 days/days; walltime: 9.0
219.0/3650.0 days/days; walltime: 5.3
255.5/3650.0 days/days; walltime: 7.2
292.0/3650.0 days/days; walltime: 9.8
328.5/3650.0 days/days; walltime: 8.0
365.0/3650.0 days/days; walltime: 3.3
401.5/3650.0 days/days; walltime: 2.1
438.0/3650.0 days/days; walltime: 1.6
474.5/3650.0 days/days; walltime: 1.1
511.0/3650.0 days/days; walltime: 0.9
547.5/3650.0 days/days; walltime: 0.9
584.0/3650.0 days/days; walltime: 1.1
620.5/3650.0 days/days; walltime: 0.8
657.0/3650.0 days/days; walltime: 0.5
693.5/3650.0 days/days; walltime: 0.6
730.0/3650.0 days/days; walltime: 0.5
766.5/3650.0 days/days; walltime: 0.5
803.0/3650.0 days/days; walltime: 0.4
839.5/3650.0 days/days; walltime: 0.4
876.0/3650.0 days/days; walltime: 0.3
912.5/3650.0 days/days; walltime: 0.3
949.0/3650.0 days/days; walltime: 0.3
985.5/3650.0 days/days; walltime: 0.2
1022.0/3650.0 days/days; walltime: 0.2
1058.5/3650.0 days/days; walltime: 0.2
1095.0/3650.0 days/days; walltime: 0.3
1131.5/3650.0 days/days; walltime: 0.3
1168.0/3650.0 days/days; walltime: 0.3
1204.5/3650.0 days/days; walltime: 0.7
1241.0/3650.0 days/days; walltime: 0.1
1277.5/3650.0 days/days; walltime: 0.1
1314.0/3650.0 days/days; walltime: 0.1
-1350.5/3650.0 days/days; walltime: 0.1
1387.0/3650.0 days/days; walltime: 0.1
1423.5/3650.0 days/days; walltime: 0.2
1460.0/3650.0 days/days; walltime: 0.1
1496.5/3650.0 days/days; walltime: 0.1
1533.0/3650.0 days/days; walltime: 0.2
1569.5/3650.0 days/days; walltime: 0.1
1606.0/3650.0 days/days; walltime: 0.1
1642.5/3650.0 days/days; walltime: 0.1
1679.0/3650.0 days/days; walltime: 0.2
1715.5/3650.0 days/days; walltime: 0.2
1752.0/3650.0 days/days; walltime: 0.2
1788.5/3650.0 days/days; walltime: 0.2
1825.0/3650.0 days/days; walltime: 0.1
1861.5/3650.0 days/days; walltime: 0.2
1898.0/3650.0 days/days; walltime: 0.1
1934.5/3650.0 days/days; walltime: 0.2
1971.0/3650.0 days/days; walltime: 0.1
2007.5/3650.0 days/days; walltime: 0.1
2044.0/3650.0 days/days; walltime: 0.1
2080.5/3650.0 days/days; walltime: 0.1
2117.0/3650.0 days/days; walltime: 0.1
2153.5/3650.0 days/days; walltime: 0.1
2190.0/3650.0 days/days; walltime: 0.1
2226.5/3650.0 days/days; walltime: 0.1
2263.0/3650.0 days/days; walltime: 0.1
2299.5/3650.0 days/days; walltime: 0.5
2336.0/3650.0 days/days; walltime: 0.1
2372.5/3650.0 days/days; walltime: 0.1
2409.0/3650.0 days/days; walltime: 0.0
2445.5/3650.0 days/days; walltime: 0.1
2482.0/3650.0 days/days; walltime: 0.0
2518.5/3650.0 days/days; walltime: 0.1
2555.0/3650.0 days/days; walltime: 0.0
2591.5/3650.0 days/days; walltime: 0.1
2628.0/3650.0 days/days; walltime: 0.0
2664.5/3650.0 days/days; walltime: 0.1
2701.0/3650.0 days/days; walltime: 0.0
2737.5/3650.0 days/days; walltime: 0.0
2774.0/3650.0 days/days; walltime: 0.0
2810.5/3650.0 days/days; walltime: 0.1
2847.0/3650.0 days/days; walltime: 0.0
2883.5/3650.0 days/days; walltime: 0.0
2920.0/3650.0 days/days; walltime: 0.0
2956.5/3650.0 days/days; walltime: 0.0
2993.0/3650.0 days/days; walltime: 0.0
3029.5/3650.0 days/days; walltime: 0.0
3066.0/3650.0 days/days; walltime: 0.0
3102.5/3650.0 days/days; walltime: 0.0
3139.0/3650.0 days/days; walltime: 0.0
3175.5/3650.0 days/days; walltime: 0.0
3212.0/3650.0 days/days; walltime: 0.0
3248.5/3650.0 days/days; walltime: 0.0
3285.0/3650.0 days/days; walltime: 0.0
3321.5/3650.0 days/days; walltime: 0.0
3358.0/3650.0 days/days; walltime: 0.0
3394.5/3650.0 days/days; walltime: 0.0
3431.0/3650.0 days/days; walltime: 0.0
3467.5/3650.0 days/days; walltime: 0.0
3540.5/3650.0 days/days; walltime: 0.0
3577.0/3650.0 days/days; walltime: 0.1
3613.5/3650.0 days/days; walltime: 0.1
3650.0/3650.0 days/days; walltime: 0.0
Wallclock for model run: 86.5s
 
Case 9:
Picked up JAVA_TOOL_OPTIONS: -Xmx2g
Opening log file:  /tmp/java.log.24910

                                                                              < M A T L A B (R) >
                                                                    Copyright 1984-2020 The MathWorks, Inc.
                                                                    R2020b (9.9.0.1467703) 64-bit (glnxa64)
                                                                                August 26, 2020

 
To get started, type doc.
For product information, visit www.mathworks.com.
 

ans =

   1.0e-03 *

    0.5000    0.5000


ans =

    1.2500    3.0000


ans =

    1.5000    2.0000

Running model run (ode15s):
Run with steady forcing
Saving model run to
/scratch/tghill/farming/meta/mixing/RUN/output_009.nc
Fields, IC & BC initialised
Initial phi calculated in 0.6s
0.0/3650.0 days/days; walltime: 2.5
36.5/3650.0 days/days; walltime: 5.7
73.0/3650.0 days/days; walltime: 4.5
109.5/3650.0 days/days; walltime: 4.2
146.0/3650.0 days/days; walltime: 11.2
182.5/3650.0 days/days; walltime: 4.9
219.0/3650.0 days/days; walltime: 5.7
255.5/3650.0 days/days; walltime: 6.9
292.0/3650.0 days/days; walltime: 11.4
328.5/3650.0 days/days; walltime: 6.9
365.0/3650.0 days/days; walltime: 3.6
401.5/3650.0 days/days; walltime: 2.3
438.0/3650.0 days/days; walltime: 1.6
474.5/3650.0 days/days; walltime: 1.1
511.0/3650.0 days/days; walltime: 1.0
547.5/3650.0 days/days; walltime: 0.9
584.0/3650.0 days/days; walltime: 1.0
620.5/3650.0 days/days; walltime: 0.4
657.0/3650.0 days/days; walltime: 0.7
693.5/3650.0 days/days; walltime: 0.4
730.0/3650.0 days/days; walltime: 0.4
766.5/3650.0 days/days; walltime: 0.4
803.0/3650.0 days/days; walltime: 0.4
839.5/3650.0 days/days; walltime: 0.5
876.0/3650.0 days/days; walltime: 0.4
912.5/3650.0 days/days; walltime: 0.3
949.0/3650.0 days/days; walltime: 0.7
985.5/3650.0 days/days; walltime: 0.2
1022.0/3650.0 days/days; walltime: 0.2
1058.5/3650.0 days/days; walltime: 0.2
1095.0/3650.0 days/days; walltime: 0.1
1131.5/3650.0 days/days; walltime: 0.2
1168.0/3650.0 days/days; walltime: 0.1
1204.5/3650.0 days/days; walltime: 0.1
1241.0/3650.0 days/days; walltime: 0.1
1277.5/3650.0 days/days; walltime: 0.1
1314.0/3650.0 days/days; walltime: 0.1
1350.5/3650.0 days/days; walltime: 0.1
1387.0/3650.0 days/days; walltime: 0.1
1423.5/3650.0 days/days; walltime: 0.1
1460.0/3650.0 days/days; walltime: 0.1
1496.5/3650.0 days/days; walltime: 0.1
1533.0/3650.0 days/days; walltime: 0.1
1569.5/3650.0 days/days; walltime: 0.1
1606.0/3650.0 days/days; walltime: 0.1
1642.5/3650.0 days/days; walltime: 0.1
1679.0/3650.0 days/days; walltime: 0.1
1715.5/3650.0 days/days; walltime: 0.1
1752.0/3650.0 days/days; walltime: 0.1
1788.5/3650.0 days/days; walltime: 0.0
1825.0/3650.0 days/days; walltime: 0.0
1861.5/3650.0 days/days; walltime: 0.0
1898.0/3650.0 days/days; walltime: 0.0
1934.5/3650.0 days/days; walltime: 0.1
1971.0/3650.0 days/days; walltime: 0.1
2007.5/3650.0 days/days; walltime: 0.1
2044.0/3650.0 days/days; walltime: 0.0
2080.5/3650.0 days/days; walltime: 0.1
2117.0/3650.0 days/days; walltime: 0.1
2153.5/3650.0 days/days; walltime: 0.0
2190.0/3650.0 days/days; walltime: 0.0
2226.5/3650.0 days/days; walltime: 0.0
2263.0/3650.0 days/days; walltime: 0.5
2299.5/3650.0 days/days; walltime: 0.1
2336.0/3650.0 days/days; walltime: 0.1
2372.5/3650.0 days/days; walltime: 0.0
2409.0/3650.0 days/days; walltime: 0.1
2445.5/3650.0 days/days; walltime: 0.0
2482.0/3650.0 days/days; walltime: 0.1
2518.5/3650.0 days/days; walltime: 0.0
2555.0/3650.0 days/days; walltime: 0.1
2591.5/3650.0 days/days; walltime: 0.0
2628.0/3650.0 days/days; walltime: 0.1
2664.5/3650.0 days/days; walltime: 0.1
2701.0/3650.0 days/days; walltime: 0.1
2737.5/3650.0 days/days; walltime: 0.1
2774.0/3650.0 days/days; walltime: 0.1
2810.5/3650.0 days/days; walltime: 0.0
2847.0/3650.0 days/days; walltime: 0.1
2883.5/3650.0 days/days; walltime: 0.0
2920.0/3650.0 days/days; walltime: 0.1
2956.5/3650.0 days/days; walltime: 0.1
2993.0/3650.0 days/days; walltime: 0.0
3029.5/3650.0 days/days; walltime: 0.0
3066.0/3650.0 days/days; walltime: 0.1
3102.5/3650.0 days/days; walltime: 0.0
3139.0/3650.0 days/days; walltime: 0.0
3175.5/3650.0 days/days; walltime: 0.1
3212.0/3650.0 days/days; walltime: 0.1
3248.5/3650.0 days/days; walltime: 0.0
3285.0/3650.0 days/days; walltime: 0.0
3321.5/3650.0 days/days; walltime: 0.1
3358.0/3650.0 days/days; walltime: 0.1
3394.5/3650.0 days/days; walltime: 0.1
3431.0/3650.0 days/days; walltime: 0.1
3467.5/3650.0 days/days; walltime: 0.4
3504.0/3650.0 days/days; walltime: 0.0
3540.5/3650.0 days/days; walltime: 0.1
3577.0/3650.0 days/days; walltime: 0.0
3613.5/3650.0 days/days; walltime: 0.0
3650.0/3650.0 days/days; walltime: 0.0
Wallclock for model run: 88.1s
 
Case 10:
Picked up JAVA_TOOL_OPTIONS: -Xmx2g
Opening log file:  /tmp/java.log.29604

                                                                              < M A T L A B (R) >
                                                                    Copyright 1984-2020 The MathWorks, Inc.
                                                                    R2020b (9.9.0.1467703) 64-bit (glnxa64)
                                                                                August 26, 2020

 
To get started, type doc.
For product information, visit www.mathworks.com.
 

ans =

   1.0e-03 *

    0.6818    0.3182


ans =

    1.2500    3.0000


ans =

    1.5000    2.0000

Running model run (ode15s):
Run with steady forcing
Saving model run to
/scratch/tghill/farming/meta/mixing/RUN/output_010.nc
Fields, IC & BC initialised
Initial phi calculated in 0.6s
0.0/3650.0 days/days; walltime: 2.4
36.5/3650.0 days/days; walltime: 6.0
73.0/3650.0 days/days; walltime: 4.8
109.5/3650.0 days/days; walltime: 6.1
146.0/3650.0 days/days; walltime: 11.0
182.5/3650.0 days/days; walltime: 3.4
219.0/3650.0 days/days; walltime: 5.9
255.5/3650.0 days/days; walltime: 7.3
292.0/3650.0 days/days; walltime: 14.8
328.5/3650.0 days/days; walltime: 6.4
365.0/3650.0 days/days; walltime: 4.1
401.5/3650.0 days/days; walltime: 1.9
438.0/3650.0 days/days; walltime: 1.7
474.5/3650.0 days/days; walltime: 1.2
511.0/3650.0 days/days; walltime: 1.1
547.5/3650.0 days/days; walltime: 0.9
584.0/3650.0 days/days; walltime: 0.7
620.5/3650.0 days/days; walltime: 0.6
657.0/3650.0 days/days; walltime: 0.5
693.5/3650.0 days/days; walltime: 0.5
730.0/3650.0 days/days; walltime: 0.3
766.5/3650.0 days/days; walltime: 0.6
803.0/3650.0 days/days; walltime: 0.2
839.5/3650.0 days/days; walltime: 0.3
876.0/3650.0 days/days; walltime: 0.3
912.5/3650.0 days/days; walltime: 0.2
949.0/3650.0 days/days; walltime: 0.2
985.5/3650.0 days/days; walltime: 0.3
1022.0/3650.0 days/days; walltime: 0.3
1058.5/3650.0 days/days; walltime: 0.3
1095.0/3650.0 days/days; walltime: 0.2
1131.5/3650.0 days/days; walltime: 0.2
1168.0/3650.0 days/days; walltime: 0.2
1204.5/3650.0 days/days; walltime: 0.3
1241.0/3650.0 days/days; walltime: 0.3
1277.5/3650.0 days/days; walltime: 0.3
1314.0/3650.0 days/days; walltime: 0.2
1350.5/3650.0 days/days; walltime: 0.2
-1387.0/3650.0 days/days; walltime: 0.2
1423.5/3650.0 days/days; walltime: 0.2
1460.0/3650.0 days/days; walltime: 0.2
1496.5/3650.0 days/days; walltime: 0.1
1533.0/3650.0 days/days; walltime: 0.1
1569.5/3650.0 days/days; walltime: 0.1
1606.0/3650.0 days/days; walltime: 0.1
1642.5/3650.0 days/days; walltime: 0.5
1679.0/3650.0 days/days; walltime: 0.1
1715.5/3650.0 days/days; walltime: 0.1
1752.0/3650.0 days/days; walltime: 0.0
1788.5/3650.0 days/days; walltime: 0.1
1825.0/3650.0 days/days; walltime: 0.1
1861.5/3650.0 days/days; walltime: 0.0
1898.0/3650.0 days/days; walltime: 0.1
1934.5/3650.0 days/days; walltime: 0.0
1971.0/3650.0 days/days; walltime: 0.1
2007.5/3650.0 days/days; walltime: 0.1
2044.0/3650.0 days/days; walltime: 0.1
2080.5/3650.0 days/days; walltime: 0.0
2117.0/3650.0 days/days; walltime: 0.1
2153.5/3650.0 days/days; walltime: 0.1
2190.0/3650.0 days/days; walltime: 0.1
2226.5/3650.0 days/days; walltime: 0.1
2263.0/3650.0 days/days; walltime: 0.0
2299.5/3650.0 days/days; walltime: 0.0
2336.0/3650.0 days/days; walltime: 0.0
2372.5/3650.0 days/days; walltime: 0.1
2409.0/3650.0 days/days; walltime: 0.1
2445.5/3650.0 days/days; walltime: 0.0
2482.0/3650.0 days/days; walltime: 0.1
2518.5/3650.0 days/days; walltime: 0.1
2555.0/3650.0 days/days; walltime: 0.1
2591.5/3650.0 days/days; walltime: 0.0
2628.0/3650.0 days/days; walltime: 0.0
2664.5/3650.0 days/days; walltime: 0.0
2701.0/3650.0 days/days; walltime: 0.1
2737.5/3650.0 days/days; walltime: 0.0
2774.0/3650.0 days/days; walltime: 0.1
2810.5/3650.0 days/days; walltime: 0.0
2847.0/3650.0 days/days; walltime: 0.1
2883.5/3650.0 days/days; walltime: 0.0
2920.0/3650.0 days/days; walltime: 0.0
2956.5/3650.0 days/days; walltime: 0.1
2993.0/3650.0 days/days; walltime: 0.1
3029.5/3650.0 days/days; walltime: 0.0
3066.0/3650.0 days/days; walltime: 0.0
3102.5/3650.0 days/days; walltime: 0.1
3139.0/3650.0 days/days; walltime: 0.1
3175.5/3650.0 days/days; walltime: 0.0
3212.0/3650.0 days/days; walltime: 0.1
3248.5/3650.0 days/days; walltime: 0.0
3285.0/3650.0 days/days; walltime: 0.0
3321.5/3650.0 days/days; walltime: 0.0
3358.0/3650.0 days/days; walltime: 0.0
3394.5/3650.0 days/days; walltime: 0.0
3431.0/3650.0 days/days; walltime: 0.0
3467.5/3650.0 days/days; walltime: 0.0
3504.0/3650.0 days/days; walltime: 0.0
3540.5/3650.0 days/days; walltime: 0.1
3577.0/3650.0 days/days; walltime: 0.0
3613.5/3650.0 days/days; walltime: 0.0
3650.0/3650.0 days/days; walltime: 0.1
Wallclock for model run: 92.6s
 
Case 11:
Picked up JAVA_TOOL_OPTIONS: -Xmx2g
Opening log file:  /tmp/java.log.2475

                                                                              < M A T L A B (R) >
                                                                    Copyright 1984-2020 The MathWorks, Inc.
                                                                    R2020b (9.9.0.1467703) 64-bit (glnxa64)
                                                                                August 26, 2020

 
To get started, type doc.
For product information, visit www.mathworks.com.
 

ans =

   1.0e-03 *

    0.4091    0.5909


ans =

    1.2500    3.0000


ans =

    1.5000    2.0000

Running model run (ode15s):
Run with steady forcing
Saving model run to
/scratch/tghill/farming/meta/mixing/RUN/output_011.nc
Fields, IC & BC initialised
Initial phi calculated in 0.6s
0.0/3650.0 days/days; walltime: 2.4
36.5/3650.0 days/days; walltime: 5.2
73.0/3650.0 days/days; walltime: 4.7
109.5/3650.0 days/days; walltime: 3.7
146.0/3650.0 days/days; walltime: 10.1
182.5/3650.0 days/days; walltime: 6.3
219.0/3650.0 days/days; walltime: 5.4
255.5/3650.0 days/days; walltime: 7.0
292.0/3650.0 days/days; walltime: 13.9
328.5/3650.0 days/days; walltime: 7.6
365.0/3650.0 days/days; walltime: 3.8
401.5/3650.0 days/days; walltime: 2.2
438.0/3650.0 days/days; walltime: 1.7
474.5/3650.0 days/days; walltime: 1.1
511.0/3650.0 days/days; walltime: 1.0
547.5/3650.0 days/days; walltime: 1.3
584.0/3650.0 days/days; walltime: 0.5
620.5/3650.0 days/days; walltime: 0.6
657.0/3650.0 days/days; walltime: 0.7
693.5/3650.0 days/days; walltime: 0.4
730.0/3650.0 days/days; walltime: 0.5
766.5/3650.0 days/days; walltime: 0.5
803.0/3650.0 days/days; walltime: 0.4
839.5/3650.0 days/days; walltime: 0.4
876.0/3650.0 days/days; walltime: 0.4
912.5/3650.0 days/days; walltime: 0.7
949.0/3650.0 days/days; walltime: 0.2
985.5/3650.0 days/days; walltime: 0.1
1022.0/3650.0 days/days; walltime: 0.2
1058.5/3650.0 days/days; walltime: 0.2
1095.0/3650.0 days/days; walltime: 0.1
1131.5/3650.0 days/days; walltime: 0.1
1168.0/3650.0 days/days; walltime: 0.1
1204.5/3650.0 days/days; walltime: 0.1
1241.0/3650.0 days/days; walltime: 0.1
1277.5/3650.0 days/days; walltime: 0.0
1314.0/3650.0 days/days; walltime: 0.1
-1350.5/3650.0 days/days; walltime: 0.1
1387.0/3650.0 days/days; walltime: 0.1
1423.5/3650.0 days/days; walltime: 0.1
1460.0/3650.0 days/days; walltime: 0.0
1496.5/3650.0 days/days; walltime: 0.0
1533.0/3650.0 days/days; walltime: 0.1
1569.5/3650.0 days/days; walltime: 0.1
1606.0/3650.0 days/days; walltime: 0.0
1642.5/3650.0 days/days; walltime: 0.1
1679.0/3650.0 days/days; walltime: 0.0
1715.5/3650.0 days/days; walltime: 0.0
1752.0/3650.0 days/days; walltime: 0.0
1788.5/3650.0 days/days; walltime: 0.1
1825.0/3650.0 days/days; walltime: 0.1
1861.5/3650.0 days/days; walltime: 0.1
1898.0/3650.0 days/days; walltime: 0.1
1934.5/3650.0 days/days; walltime: 0.2
1971.0/3650.0 days/days; walltime: 0.2
2007.5/3650.0 days/days; walltime: 0.2
2044.0/3650.0 days/days; walltime: 0.6
-2080.5/3650.0 days/days; walltime: 0.2
2117.0/3650.0 days/days; walltime: 0.2
2153.5/3650.0 days/days; walltime: 0.3
2190.0/3650.0 days/days; walltime: 0.2
2226.5/3650.0 days/days; walltime: 0.2
2263.0/3650.0 days/days; walltime: 0.2
2299.5/3650.0 days/days; walltime: 0.2
2336.0/3650.0 days/days; walltime: 0.2
2372.5/3650.0 days/days; walltime: 0.1
2409.0/3650.0 days/days; walltime: 0.1
2445.5/3650.0 days/days; walltime: 0.1
2482.0/3650.0 days/days; walltime: 0.1
2518.5/3650.0 days/days; walltime: 0.0
2555.0/3650.0 days/days; walltime: 0.1
2591.5/3650.0 days/days; walltime: 0.1
2628.0/3650.0 days/days; walltime: 0.1
2664.5/3650.0 days/days; walltime: 0.1
2701.0/3650.0 days/days; walltime: 0.1
2737.5/3650.0 days/days; walltime: 0.1
2774.0/3650.0 days/days; walltime: 0.4
2810.5/3650.0 days/days; walltime: 0.0
2847.0/3650.0 days/days; walltime: 0.1
2883.5/3650.0 days/days; walltime: 0.0
2920.0/3650.0 days/days; walltime: 0.1
2956.5/3650.0 days/days; walltime: 0.0
2993.0/3650.0 days/days; walltime: 0.0
3029.5/3650.0 days/days; walltime: 0.1
3066.0/3650.0 days/days; walltime: 0.0
3102.5/3650.0 days/days; walltime: 0.0
3139.0/3650.0 days/days; walltime: 0.1
3175.5/3650.0 days/days; walltime: 0.0
3212.0/3650.0 days/days; walltime: 0.1
3248.5/3650.0 days/days; walltime: 0.1
3285.0/3650.0 days/days; walltime: 0.0
3321.5/3650.0 days/days; walltime: 0.1
3358.0/3650.0 days/days; walltime: 0.4
3394.5/3650.0 days/days; walltime: 0.0
3431.0/3650.0 days/days; walltime: 0.0
3467.5/3650.0 days/days; walltime: 0.0
3504.0/3650.0 days/days; walltime: 0.1
3540.5/3650.0 days/days; walltime: 0.0
3577.0/3650.0 days/days; walltime: 0.0
3613.5/3650.0 days/days; walltime: 0.0
3650.0/3650.0 days/days; walltime: 0.1
Wallclock for model run: 92.3s
 
No cases left; exiting.
